# Arquivo de entrada: ex03.ie

# Data de execução: 08/07/2026

# Convenção de sinais:
- Cargas axiais no sentido da esquerda pra direita são consideradas positivas.
- Esforços normais positivos representam tração.
- Deslocamentos axiais no sentido da esquerda para direita são considerados positivos.
- Deslocamentos transversais no sentido de baixo para cima são considerados positivos.
- Rotações no sentido anti-horário são consideradas positivas.

# Observação: os resultados axiais correspondem ao carregamento de referência.

# Dados dos nós
+----+--------------+-------------+---------------+--------------+--------------+--------------+--------------+---------------+
| ID |      X       | Glib. Axial | Glib. Transv. | Glib. Rotat. |      KL      |      KT      |      KR      |    P axial    |
+----+--------------+-------------+---------------+--------------+--------------+--------------+--------------+---------------+
| 1  | 0.000000E+00 | RESTRINGIDO |  RESTRINGIDO  | RESTRINGIDO  |      -       |      -       |      -       |       -       |
| 2  | 5.000000E-02 |    LIVRE    |     LIVRE     |    LIVRE     |      -       |      -       |      -       |       -       |
| 3  | 1.000000E-01 |    LIVRE    |     LIVRE     |    LIVRE     |      -       |      -       |      -       |       -       |
| 4  | 1.500000E-01 |    LIVRE    |     LIVRE     |    LIVRE     |      -       |      -       |      -       |       -       |
| 5  | 2.000000E-01 |    LIVRE    |     LIVRE     |    LIVRE     |      -       |      -       |      -       |       -       |
| 6  | 2.500000E-01 |    LIVRE    |     LIVRE     |    LIVRE     |      -       |      -       |      -       |       -       |
| 7  | 3.000000E-01 |    LIVRE    |     LIVRE     |    LIVRE     |      -       |      -       |      -       |       -       |
| 8  | 3.500000E-01 |    LIVRE    |     LIVRE     |    LIVRE     |      -       |      -       |      -       |       -       |
| 9  | 4.000000E-01 |    LIVRE    |     LIVRE     |    LIVRE     |      -       |      -       |      -       |       -       |
| 10 | 4.500000E-01 |    LIVRE    |     LIVRE     |    LIVRE     |      -       |      -       |      -       |       -       |
| 11 | 5.000000E-01 |    LIVRE    |     LIVRE     |    LIVRE     |      -       |      -       |      -       |       -       |
| 12 | 5.500000E-01 |    LIVRE    |     LIVRE     |    LIVRE     |      -       |      -       |      -       |       -       |
| 13 | 6.000000E-01 |    LIVRE    |     LIVRE     |    LIVRE     |      -       |      -       |      -       |       -       |
| 14 | 6.500000E-01 |    LIVRE    |     LIVRE     |    LIVRE     |      -       |      -       |      -       |       -       |
| 15 | 7.000000E-01 |    LIVRE    |     LIVRE     |    LIVRE     |      -       |      -       |      -       |       -       |
| 16 | 7.500000E-01 |    LIVRE    |     LIVRE     |    LIVRE     |      -       |      -       |      -       |       -       |
| 17 | 8.000000E-01 |    LIVRE    |     LIVRE     |    LIVRE     |      -       |      -       |      -       |       -       |
| 18 | 8.500000E-01 |    LIVRE    |     LIVRE     |    LIVRE     |      -       |      -       |      -       |       -       |
| 19 | 9.000000E-01 |    LIVRE    |     LIVRE     |    LIVRE     |      -       |      -       |      -       |       -       |
| 20 | 9.500000E-01 |    LIVRE    |     LIVRE     |    LIVRE     |      -       |      -       |      -       |       -       |
| 21 | 1.000000E+00 |    LIVRE    |     LIVRE     |    LIVRE     | 1.000000E+03 | 2.000000E+03 | 3.000000E+03 | -1.000000E+00 |
+----+--------------+-------------+---------------+--------------+--------------+--------------+--------------+---------------+

# Dados dos trechos
+----+--------------+-------------------+--------------+--------------+--------------+--------------+--------------+---------------+
| ID |      L       | Num. de Elementos |      EA      |      EI      |      kl      |      kt      |      kr      |       p       |
+----+--------------+-------------------+--------------+--------------+--------------+--------------+--------------+---------------+
| 1  | 1.000000E+00 |         20        | 6.000000E+04 | 4.500000E+02 | 0.000000E+00 | 0.000000E+00 | 0.000000E+00 | -1.000000E+00 |
+----+--------------+-------------------+--------------+--------------+--------------+--------------+--------------+---------------+

# Trajetória fundamental axial de referência
+-------+--------------+--------------------+-----------------------+
| Nó ID |      X       | Deslocamento Axial | Força Residual/Reação |
+-------+--------------+--------------------+-----------------------+
|   1   | 0.000000E+00 |   +0.000000E+00    |     +1.975410E+00     |
|   2   | 5.000000E-02 |   -1.625342E-06    |           -           |
|   3   | 1.000000E-01 |   -3.209016E-06    |           -           |
|   4   | 1.500000E-01 |   -4.751025E-06    |           -           |
|   5   | 2.000000E-01 |   -6.251366E-06    |           -           |
|   6   | 2.500000E-01 |   -7.710041E-06    |           -           |
|   7   | 3.000000E-01 |   -9.127049E-06    |           -           |
|   8   | 3.500000E-01 |   -1.050239E-05    |           -           |
|   9   | 4.000000E-01 |   -1.183607E-05    |           -           |
|   10  | 4.500000E-01 |   -1.312807E-05    |           -           |
|   11  | 5.000000E-01 |   -1.437842E-05    |           -           |
|   12  | 5.500000E-01 |   -1.558709E-05    |           -           |
|   13  | 6.000000E-01 |   -1.675410E-05    |           -           |
|   14  | 6.500000E-01 |   -1.787944E-05    |           -           |
|   15  | 7.000000E-01 |   -1.896311E-05    |           -           |
|   16  | 7.500000E-01 |   -2.000512E-05    |           -           |
|   17  | 8.000000E-01 |   -2.100546E-05    |           -           |
|   18  | 8.500000E-01 |   -2.196414E-05    |           -           |
|   19  | 9.000000E-01 |   -2.288115E-05    |           -           |
|   20  | 9.500000E-01 |   -2.375649E-05    |           -           |
|   21  | 1.000000E+00 |   -2.459016E-05    |           -           |
+-------+--------------+--------------------+-----------------------+

# Esforços normais de referência
+-------------+-----------+---------+---------+--------------+---------------+
| Elemento ID | Trecho ID | Nó 1 ID | Nó 2 ID |    X_ref     |  Força Axial  |
+-------------+-----------+---------+---------+--------------+---------------+
|      1      |     1     |    1    |    2    | 0.000000E+00 | -1.950410E+00 |
|      2      |     1     |    2    |    3    | 5.000000E-02 | -1.900410E+00 |
|      3      |     1     |    3    |    4    | 1.000000E-01 | -1.850410E+00 |
|      4      |     1     |    4    |    5    | 1.500000E-01 | -1.800410E+00 |
|      5      |     1     |    5    |    6    | 2.000000E-01 | -1.750410E+00 |
|      6      |     1     |    6    |    7    | 2.500000E-01 | -1.700410E+00 |
|      7      |     1     |    7    |    8    | 3.000000E-01 | -1.650410E+00 |
|      8      |     1     |    8    |    9    | 3.500000E-01 | -1.600410E+00 |
|      9      |     1     |    9    |    10   | 4.000000E-01 | -1.550410E+00 |
|      10     |     1     |    10   |    11   | 4.500000E-01 | -1.500410E+00 |
|      11     |     1     |    11   |    12   | 5.000000E-01 | -1.450410E+00 |
|      12     |     1     |    12   |    13   | 5.500000E-01 | -1.400410E+00 |
|      13     |     1     |    13   |    14   | 6.000000E-01 | -1.350410E+00 |
|      14     |     1     |    14   |    15   | 6.500000E-01 | -1.300410E+00 |
|      15     |     1     |    15   |    16   | 7.000000E-01 | -1.250410E+00 |
|      16     |     1     |    16   |    17   | 7.500000E-01 | -1.200410E+00 |
|      17     |     1     |    17   |    18   | 8.000000E-01 | -1.150410E+00 |
|      18     |     1     |    18   |    19   | 8.500000E-01 | -1.100410E+00 |
|      19     |     1     |    19   |    20   | 9.000000E-01 | -1.050410E+00 |
|      20     |     1     |    20   |    21   | 9.500000E-01 | -1.000410E+00 |
+-------------+-----------+---------+---------+--------------+---------------+

# Modos de flambagem

## Modo 1
lambda_cr = 3.608719E+03
+-------+--------------+---------------+---------------+
| Nó ID |      X       |       v       |     theta     |
+-------+--------------+---------------+---------------+
|   1   | 0.000000E+00 | +0.000000E+00 | +0.000000E+00 |
|   2   | 5.000000E-02 | -5.120456E-03 | -2.060034E-01 |
|   3   | 1.000000E-01 | -2.065333E-02 | -4.151906E-01 |
|   4   | 1.500000E-01 | -4.656510E-02 | -6.199269E-01 |
|   5   | 2.000000E-01 | -8.245385E-02 | -8.131556E-01 |
|   6   | 2.500000E-01 | -1.275844E-01 | -9.886356E-01 |
|   7   | 3.000000E-01 | -1.809336E-01 | -1.141122E+00 |
|   8   | 3.500000E-01 | -2.412440E-01 | -1.266489E+00 |
|   9   | 4.000000E-01 | -3.070810E-01 | -1.361797E+00 |
|   10  | 4.500000E-01 | -3.768930E-01 | -1.425302E+00 |
|   11  | 5.000000E-01 | -4.490708E-01 | -1.456419E+00 |
|   12  | 5.500000E-01 | -5.220030E-01 | -1.455649E+00 |
|   13  | 6.000000E-01 | -5.941282E-01 | -1.424461E+00 |
|   14  | 6.500000E-01 | -6.639801E-01 | -1.365162E+00 |
|   15  | 7.000000E-01 | -7.302253E-01 | -1.280742E+00 |
|   16  | 7.500000E-01 | -7.916939E-01 | -1.174715E+00 |
|   17  | 8.000000E-01 | -8.474011E-01 | -1.050956E+00 |
|   18  | 8.500000E-01 | -8.965619E-01 | -9.135469E-01 |
|   19  | 9.000000E-01 | -9.385973E-01 | -7.666312E-01 |
|   20  | 9.500000E-01 | -9.731345E-01 | -6.142825E-01 |
|   21  | 1.000000E+00 | -1.000000E+00 | -4.603936E-01 |
+-------+--------------+---------------+---------------+

## Modo 2
lambda_cr = 9.931655E+03
+-------+--------------+---------------+---------------+
| Nó ID |      X       |       v       |     theta     |
+-------+--------------+---------------+---------------+
|   1   | 0.000000E+00 | +0.000000E+00 | +0.000000E+00 |
|   2   | 5.000000E-02 | +2.476793E-02 | +9.813576E-01 |
|   3   | 1.000000E-01 | +9.636723E-02 | +1.857086E+00 |
|   4   | 1.500000E-01 | +2.072493E-01 | +2.539937E+00 |
|   5   | 2.000000E-01 | +3.460765E-01 | +2.966643E+00 |
|   6   | 2.500000E-01 | +4.990499E-01 | +3.102509E+00 |
|   7   | 3.000000E-01 | +6.513824E-01 | +2.942618E+00 |
|   8   | 3.500000E-01 | +7.887517E-01 | +2.509931E+00 |
|   9   | 4.000000E-01 | +8.985919E-01 | +1.850842E+00 |
|   10  | 4.500000E-01 | +9.711162E-01 | +1.028960E+00 |
|   11  | 5.000000E-01 | +1.000000E+00 | +1.179500E-01 |
|   12  | 5.500000E-01 | +9.827009E-01 | -8.057531E-01 |
|   13  | 6.000000E-01 | +9.204259E-01 | -1.669645E+00 |
|   14  | 6.500000E-01 | +8.177898E-01 | -2.410732E+00 |
|   15  | 7.000000E-01 | +6.822307E-01 | -2.979630E+00 |
|   16  | 7.500000E-01 | +5.232609E-01 | -3.343022E+00 |
|   17  | 8.000000E-01 | +3.516358E-01 | -3.484505E+00 |
|   18  | 8.500000E-01 | +1.785187E-01 | -3.403972E+00 |
|   19  | 9.000000E-01 | +1.470592E-02 | -3.115810E+00 |
|   20  | 9.500000E-01 | -1.300336E-01 | -2.646239E+00 |
|   21  | 1.000000E+00 | -2.474723E-01 | -2.030141E+00 |
+-------+--------------+---------------+---------------+

## Modo 3
lambda_cr = 2.300042E+04
+-------+--------------+---------------+---------------+
| Nó ID |      X       |       v       |     theta     |
+-------+--------------+---------------+---------------+
|   1   | 0.000000E+00 | +0.000000E+00 | +0.000000E+00 |
|   2   | 5.000000E-02 | -5.120328E-02 | -2.007276E+00 |
|   3   | 1.000000E-01 | -1.928057E-01 | -3.543594E+00 |
|   4   | 1.500000E-01 | -3.917782E-01 | -4.259724E+00 |
|   5   | 2.000000E-01 | -6.025983E-01 | -4.012650E+00 |
|   6   | 2.500000E-01 | -7.782175E-01 | -2.882551E+00 |
|   7   | 3.000000E-01 | -8.805420E-01 | -1.137906E+00 |
|   8   | 3.500000E-01 | -8.881493E-01 | +8.371196E-01 |
|   9   | 4.000000E-01 | -7.998551E-01 | +2.632401E+00 |
|   10  | 4.500000E-01 | -6.338145E-01 | +3.897352E+00 |
|   11  | 5.000000E-01 | -4.228284E-01 | +4.404965E+00 |
|   12  | 5.500000E-01 | -2.072103E-01 | +4.084284E+00 |
|   13  | 6.000000E-01 | -2.687822E-02 | +3.019256E+00 |
|   14  | 6.500000E-01 | +8.574758E-02 | +1.418951E+00 |
|   15  | 7.000000E-01 | +1.108385E-01 | -4.311068E-01 |
|   16  | 7.500000E-01 | +4.358986E-02 | -2.224784E+00 |
|   17  | 8.000000E-01 | -1.060853E-01 | -3.687353E+00 |
|   18  | 8.500000E-01 | -3.161846E-01 | -4.615276E+00 |
|   19  | 9.000000E-01 | -5.568229E-01 | -4.899060E+00 |
|   20  | 9.500000E-01 | -7.951310E-01 | -4.528259E+00 |
|   21  | 1.000000E+00 | -1.000000E+00 | -3.580876E+00 |
+-------+--------------+---------------+---------------+
