# Arquivo de entrada: ex04.ie

# Data de execução: 08/07/2026

# Convenção de sinais:
- Cargas axiais no sentido da esquerda pra direita são consideradas positivas.
- Esforços normais positivos representam tração.
- Deslocamentos axiais no sentido da esquerda para direita são considerados positivos.
- Deslocamentos transversais no sentido de baixo para cima são considerados positivos.
- Rotações no sentido anti-horário são consideradas positivas.

# Observação: os resultados axiais correspondem ao carregamento de referência.

# Dados dos nós
+-----+--------------+-------------+---------------+--------------+----+----+----+---------------+
|  ID |      X       | Glib. Axial | Glib. Transv. | Glib. Rotat. | KL | KT | KR |    P axial    |
+-----+--------------+-------------+---------------+--------------+----+----+----+---------------+
|  1  | 0.000000E+00 | RESTRINGIDO |  RESTRINGIDO  |    LIVRE     | -  | -  | -  |       -       |
|  2  | 5.000000E-02 |    LIVRE    |     LIVRE     |    LIVRE     | -  | -  | -  |       -       |
|  3  | 1.000000E-01 |    LIVRE    |     LIVRE     |    LIVRE     | -  | -  | -  |       -       |
|  4  | 1.500000E-01 |    LIVRE    |     LIVRE     |    LIVRE     | -  | -  | -  |       -       |
|  5  | 2.000000E-01 |    LIVRE    |     LIVRE     |    LIVRE     | -  | -  | -  |       -       |
|  6  | 2.500000E-01 |    LIVRE    |     LIVRE     |    LIVRE     | -  | -  | -  |       -       |
|  7  | 3.000000E-01 |    LIVRE    |     LIVRE     |    LIVRE     | -  | -  | -  |       -       |
|  8  | 3.500000E-01 |    LIVRE    |     LIVRE     |    LIVRE     | -  | -  | -  |       -       |
|  9  | 4.000000E-01 |    LIVRE    |     LIVRE     |    LIVRE     | -  | -  | -  |       -       |
|  10 | 4.500000E-01 |    LIVRE    |     LIVRE     |    LIVRE     | -  | -  | -  |       -       |
|  11 | 5.000000E-01 |    LIVRE    |     LIVRE     |    LIVRE     | -  | -  | -  |       -       |
|  12 | 5.500000E-01 |    LIVRE    |     LIVRE     |    LIVRE     | -  | -  | -  |       -       |
|  13 | 6.000000E-01 |    LIVRE    |     LIVRE     |    LIVRE     | -  | -  | -  |       -       |
|  14 | 6.500000E-01 |    LIVRE    |     LIVRE     |    LIVRE     | -  | -  | -  |       -       |
|  15 | 7.000000E-01 |    LIVRE    |     LIVRE     |    LIVRE     | -  | -  | -  |       -       |
|  16 | 7.500000E-01 |    LIVRE    |     LIVRE     |    LIVRE     | -  | -  | -  |       -       |
|  17 | 8.000000E-01 |    LIVRE    |     LIVRE     |    LIVRE     | -  | -  | -  |       -       |
|  18 | 8.500000E-01 |    LIVRE    |     LIVRE     |    LIVRE     | -  | -  | -  |       -       |
|  19 | 9.000000E-01 |    LIVRE    |     LIVRE     |    LIVRE     | -  | -  | -  |       -       |
|  20 | 9.500000E-01 |    LIVRE    |     LIVRE     |    LIVRE     | -  | -  | -  |       -       |
|  21 | 1.000000E+00 |    LIVRE    |     LIVRE     |    LIVRE     | -  | -  | -  |       -       |
|  22 | 1.050000E+00 |    LIVRE    |     LIVRE     |    LIVRE     | -  | -  | -  |       -       |
|  23 | 1.100000E+00 |    LIVRE    |     LIVRE     |    LIVRE     | -  | -  | -  |       -       |
|  24 | 1.150000E+00 |    LIVRE    |     LIVRE     |    LIVRE     | -  | -  | -  |       -       |
|  25 | 1.200000E+00 |    LIVRE    |     LIVRE     |    LIVRE     | -  | -  | -  |       -       |
|  26 | 1.250000E+00 |    LIVRE    |     LIVRE     |    LIVRE     | -  | -  | -  |       -       |
|  27 | 1.300000E+00 |    LIVRE    |     LIVRE     |    LIVRE     | -  | -  | -  |       -       |
|  28 | 1.350000E+00 |    LIVRE    |     LIVRE     |    LIVRE     | -  | -  | -  |       -       |
|  29 | 1.400000E+00 |    LIVRE    |     LIVRE     |    LIVRE     | -  | -  | -  |       -       |
|  30 | 1.450000E+00 |    LIVRE    |     LIVRE     |    LIVRE     | -  | -  | -  |       -       |
|  31 | 1.500000E+00 |    LIVRE    |     LIVRE     |    LIVRE     | -  | -  | -  |       -       |
|  32 | 1.550000E+00 |    LIVRE    |     LIVRE     |    LIVRE     | -  | -  | -  |       -       |
|  33 | 1.600000E+00 |    LIVRE    |     LIVRE     |    LIVRE     | -  | -  | -  |       -       |
|  34 | 1.650000E+00 |    LIVRE    |     LIVRE     |    LIVRE     | -  | -  | -  |       -       |
|  35 | 1.700000E+00 |    LIVRE    |     LIVRE     |    LIVRE     | -  | -  | -  |       -       |
|  36 | 1.750000E+00 |    LIVRE    |     LIVRE     |    LIVRE     | -  | -  | -  |       -       |
|  37 | 1.800000E+00 |    LIVRE    |     LIVRE     |    LIVRE     | -  | -  | -  |       -       |
|  38 | 1.850000E+00 |    LIVRE    |     LIVRE     |    LIVRE     | -  | -  | -  |       -       |
|  39 | 1.900000E+00 |    LIVRE    |     LIVRE     |    LIVRE     | -  | -  | -  |       -       |
|  40 | 1.950000E+00 |    LIVRE    |     LIVRE     |    LIVRE     | -  | -  | -  |       -       |
|  41 | 2.000000E+00 |    LIVRE    |     LIVRE     |    LIVRE     | -  | -  | -  |       -       |
|  42 | 2.050000E+00 |    LIVRE    |     LIVRE     |    LIVRE     | -  | -  | -  |       -       |
|  43 | 2.100000E+00 |    LIVRE    |     LIVRE     |    LIVRE     | -  | -  | -  |       -       |
|  44 | 2.150000E+00 |    LIVRE    |     LIVRE     |    LIVRE     | -  | -  | -  |       -       |
|  45 | 2.200000E+00 |    LIVRE    |     LIVRE     |    LIVRE     | -  | -  | -  |       -       |
|  46 | 2.250000E+00 |    LIVRE    |     LIVRE     |    LIVRE     | -  | -  | -  |       -       |
|  47 | 2.300000E+00 |    LIVRE    |     LIVRE     |    LIVRE     | -  | -  | -  |       -       |
|  48 | 2.350000E+00 |    LIVRE    |     LIVRE     |    LIVRE     | -  | -  | -  |       -       |
|  49 | 2.400000E+00 |    LIVRE    |     LIVRE     |    LIVRE     | -  | -  | -  |       -       |
|  50 | 2.450000E+00 |    LIVRE    |     LIVRE     |    LIVRE     | -  | -  | -  |       -       |
|  51 | 2.500000E+00 |    LIVRE    |     LIVRE     |    LIVRE     | -  | -  | -  |       -       |
|  52 | 2.550000E+00 |    LIVRE    |     LIVRE     |    LIVRE     | -  | -  | -  |       -       |
|  53 | 2.600000E+00 |    LIVRE    |     LIVRE     |    LIVRE     | -  | -  | -  |       -       |
|  54 | 2.650000E+00 |    LIVRE    |     LIVRE     |    LIVRE     | -  | -  | -  |       -       |
|  55 | 2.700000E+00 |    LIVRE    |     LIVRE     |    LIVRE     | -  | -  | -  |       -       |
|  56 | 2.750000E+00 |    LIVRE    |     LIVRE     |    LIVRE     | -  | -  | -  |       -       |
|  57 | 2.800000E+00 |    LIVRE    |     LIVRE     |    LIVRE     | -  | -  | -  |       -       |
|  58 | 2.850000E+00 |    LIVRE    |     LIVRE     |    LIVRE     | -  | -  | -  |       -       |
|  59 | 2.900000E+00 |    LIVRE    |     LIVRE     |    LIVRE     | -  | -  | -  |       -       |
|  60 | 2.950000E+00 |    LIVRE    |     LIVRE     |    LIVRE     | -  | -  | -  |       -       |
|  61 | 3.000000E+00 |    LIVRE    |     LIVRE     |    LIVRE     | -  | -  | -  |       -       |
|  62 | 3.050000E+00 |    LIVRE    |     LIVRE     |    LIVRE     | -  | -  | -  |       -       |
|  63 | 3.100000E+00 |    LIVRE    |     LIVRE     |    LIVRE     | -  | -  | -  |       -       |
|  64 | 3.150000E+00 |    LIVRE    |     LIVRE     |    LIVRE     | -  | -  | -  |       -       |
|  65 | 3.200000E+00 |    LIVRE    |     LIVRE     |    LIVRE     | -  | -  | -  |       -       |
|  66 | 3.250000E+00 |    LIVRE    |     LIVRE     |    LIVRE     | -  | -  | -  |       -       |
|  67 | 3.300000E+00 |    LIVRE    |     LIVRE     |    LIVRE     | -  | -  | -  |       -       |
|  68 | 3.350000E+00 |    LIVRE    |     LIVRE     |    LIVRE     | -  | -  | -  |       -       |
|  69 | 3.400000E+00 |    LIVRE    |     LIVRE     |    LIVRE     | -  | -  | -  |       -       |
|  70 | 3.450000E+00 |    LIVRE    |     LIVRE     |    LIVRE     | -  | -  | -  |       -       |
|  71 | 3.500000E+00 |    LIVRE    |     LIVRE     |    LIVRE     | -  | -  | -  |       -       |
|  72 | 3.550000E+00 |    LIVRE    |     LIVRE     |    LIVRE     | -  | -  | -  |       -       |
|  73 | 3.600000E+00 |    LIVRE    |     LIVRE     |    LIVRE     | -  | -  | -  |       -       |
|  74 | 3.650000E+00 |    LIVRE    |     LIVRE     |    LIVRE     | -  | -  | -  |       -       |
|  75 | 3.700000E+00 |    LIVRE    |     LIVRE     |    LIVRE     | -  | -  | -  |       -       |
|  76 | 3.750000E+00 |    LIVRE    |     LIVRE     |    LIVRE     | -  | -  | -  |       -       |
|  77 | 3.800000E+00 |    LIVRE    |     LIVRE     |    LIVRE     | -  | -  | -  |       -       |
|  78 | 3.850000E+00 |    LIVRE    |     LIVRE     |    LIVRE     | -  | -  | -  |       -       |
|  79 | 3.900000E+00 |    LIVRE    |     LIVRE     |    LIVRE     | -  | -  | -  |       -       |
|  80 | 3.950000E+00 |    LIVRE    |     LIVRE     |    LIVRE     | -  | -  | -  |       -       |
|  81 | 4.000000E+00 |    LIVRE    |     LIVRE     |    LIVRE     | -  | -  | -  |       -       |
|  82 | 4.050000E+00 |    LIVRE    |     LIVRE     |    LIVRE     | -  | -  | -  |       -       |
|  83 | 4.100000E+00 |    LIVRE    |     LIVRE     |    LIVRE     | -  | -  | -  |       -       |
|  84 | 4.150000E+00 |    LIVRE    |     LIVRE     |    LIVRE     | -  | -  | -  |       -       |
|  85 | 4.200000E+00 |    LIVRE    |     LIVRE     |    LIVRE     | -  | -  | -  |       -       |
|  86 | 4.250000E+00 |    LIVRE    |     LIVRE     |    LIVRE     | -  | -  | -  |       -       |
|  87 | 4.300000E+00 |    LIVRE    |     LIVRE     |    LIVRE     | -  | -  | -  |       -       |
|  88 | 4.350000E+00 |    LIVRE    |     LIVRE     |    LIVRE     | -  | -  | -  |       -       |
|  89 | 4.400000E+00 |    LIVRE    |     LIVRE     |    LIVRE     | -  | -  | -  |       -       |
|  90 | 4.450000E+00 |    LIVRE    |     LIVRE     |    LIVRE     | -  | -  | -  |       -       |
|  91 | 4.500000E+00 |    LIVRE    |     LIVRE     |    LIVRE     | -  | -  | -  |       -       |
|  92 | 4.550000E+00 |    LIVRE    |     LIVRE     |    LIVRE     | -  | -  | -  |       -       |
|  93 | 4.600000E+00 |    LIVRE    |     LIVRE     |    LIVRE     | -  | -  | -  |       -       |
|  94 | 4.650000E+00 |    LIVRE    |     LIVRE     |    LIVRE     | -  | -  | -  |       -       |
|  95 | 4.700000E+00 |    LIVRE    |     LIVRE     |    LIVRE     | -  | -  | -  |       -       |
|  96 | 4.750000E+00 |    LIVRE    |     LIVRE     |    LIVRE     | -  | -  | -  |       -       |
|  97 | 4.800000E+00 |    LIVRE    |     LIVRE     |    LIVRE     | -  | -  | -  |       -       |
|  98 | 4.850000E+00 |    LIVRE    |     LIVRE     |    LIVRE     | -  | -  | -  |       -       |
|  99 | 4.900000E+00 |    LIVRE    |     LIVRE     |    LIVRE     | -  | -  | -  |       -       |
| 100 | 4.950000E+00 |    LIVRE    |     LIVRE     |    LIVRE     | -  | -  | -  |       -       |
| 101 | 5.000000E+00 |    LIVRE    |  RESTRINGIDO  |    LIVRE     | -  | -  | -  | -1.000000E+00 |
+-----+--------------+-------------+---------------+--------------+----+----+----+---------------+

# Dados dos trechos
+----+--------------+-------------------+--------------+--------------+--------------+--------------+--------------+---------------+
| ID |      L       | Num. de Elementos |      EA      |      EI      |      kl      |      kt      |      kr      |       p       |
+----+--------------+-------------------+--------------+--------------+--------------+--------------+--------------+---------------+
| 1  | 5.000000E+00 |        100        | 6.000000E+04 | 4.500000E+02 | 0.000000E+00 | 1.000000E+04 | 0.000000E+00 | +0.000000E+00 |
+----+--------------+-------------------+--------------+--------------+--------------+--------------+--------------+---------------+

# Trajetória fundamental axial de referência
+-------+--------------+--------------------+-----------------------+
| Nó ID |      X       | Deslocamento Axial | Força Residual/Reação |
+-------+--------------+--------------------+-----------------------+
|   1   | 0.000000E+00 |   +0.000000E+00    |     +1.000000E+00     |
|   2   | 5.000000E-02 |   -8.333333E-07    |           -           |
|   3   | 1.000000E-01 |   -1.666667E-06    |           -           |
|   4   | 1.500000E-01 |   -2.500000E-06    |           -           |
|   5   | 2.000000E-01 |   -3.333333E-06    |           -           |
|   6   | 2.500000E-01 |   -4.166667E-06    |           -           |
|   7   | 3.000000E-01 |   -5.000000E-06    |           -           |
|   8   | 3.500000E-01 |   -5.833333E-06    |           -           |
|   9   | 4.000000E-01 |   -6.666667E-06    |           -           |
|   10  | 4.500000E-01 |   -7.500000E-06    |           -           |
|   11  | 5.000000E-01 |   -8.333333E-06    |           -           |
|   12  | 5.500000E-01 |   -9.166667E-06    |           -           |
|   13  | 6.000000E-01 |   -1.000000E-05    |           -           |
|   14  | 6.500000E-01 |   -1.083333E-05    |           -           |
|   15  | 7.000000E-01 |   -1.166667E-05    |           -           |
|   16  | 7.500000E-01 |   -1.250000E-05    |           -           |
|   17  | 8.000000E-01 |   -1.333333E-05    |           -           |
|   18  | 8.500000E-01 |   -1.416667E-05    |           -           |
|   19  | 9.000000E-01 |   -1.500000E-05    |           -           |
|   20  | 9.500000E-01 |   -1.583333E-05    |           -           |
|   21  | 1.000000E+00 |   -1.666667E-05    |           -           |
|   22  | 1.050000E+00 |   -1.750000E-05    |           -           |
|   23  | 1.100000E+00 |   -1.833333E-05    |           -           |
|   24  | 1.150000E+00 |   -1.916667E-05    |           -           |
|   25  | 1.200000E+00 |   -2.000000E-05    |           -           |
|   26  | 1.250000E+00 |   -2.083333E-05    |           -           |
|   27  | 1.300000E+00 |   -2.166667E-05    |           -           |
|   28  | 1.350000E+00 |   -2.250000E-05    |           -           |
|   29  | 1.400000E+00 |   -2.333333E-05    |           -           |
|   30  | 1.450000E+00 |   -2.416667E-05    |           -           |
|   31  | 1.500000E+00 |   -2.500000E-05    |           -           |
|   32  | 1.550000E+00 |   -2.583333E-05    |           -           |
|   33  | 1.600000E+00 |   -2.666667E-05    |           -           |
|   34  | 1.650000E+00 |   -2.750000E-05    |           -           |
|   35  | 1.700000E+00 |   -2.833333E-05    |           -           |
|   36  | 1.750000E+00 |   -2.916667E-05    |           -           |
|   37  | 1.800000E+00 |   -3.000000E-05    |           -           |
|   38  | 1.850000E+00 |   -3.083333E-05    |           -           |
|   39  | 1.900000E+00 |   -3.166667E-05    |           -           |
|   40  | 1.950000E+00 |   -3.250000E-05    |           -           |
|   41  | 2.000000E+00 |   -3.333333E-05    |           -           |
|   42  | 2.050000E+00 |   -3.416667E-05    |           -           |
|   43  | 2.100000E+00 |   -3.500000E-05    |           -           |
|   44  | 2.150000E+00 |   -3.583333E-05    |           -           |
|   45  | 2.200000E+00 |   -3.666667E-05    |           -           |
|   46  | 2.250000E+00 |   -3.750000E-05    |           -           |
|   47  | 2.300000E+00 |   -3.833333E-05    |           -           |
|   48  | 2.350000E+00 |   -3.916667E-05    |           -           |
|   49  | 2.400000E+00 |   -4.000000E-05    |           -           |
|   50  | 2.450000E+00 |   -4.083333E-05    |           -           |
|   51  | 2.500000E+00 |   -4.166667E-05    |           -           |
|   52  | 2.550000E+00 |   -4.250000E-05    |           -           |
|   53  | 2.600000E+00 |   -4.333333E-05    |           -           |
|   54  | 2.650000E+00 |   -4.416667E-05    |           -           |
|   55  | 2.700000E+00 |   -4.500000E-05    |           -           |
|   56  | 2.750000E+00 |   -4.583333E-05    |           -           |
|   57  | 2.800000E+00 |   -4.666667E-05    |           -           |
|   58  | 2.850000E+00 |   -4.750000E-05    |           -           |
|   59  | 2.900000E+00 |   -4.833333E-05    |           -           |
|   60  | 2.950000E+00 |   -4.916667E-05    |           -           |
|   61  | 3.000000E+00 |   -5.000000E-05    |           -           |
|   62  | 3.050000E+00 |   -5.083333E-05    |           -           |
|   63  | 3.100000E+00 |   -5.166667E-05    |           -           |
|   64  | 3.150000E+00 |   -5.250000E-05    |           -           |
|   65  | 3.200000E+00 |   -5.333333E-05    |           -           |
|   66  | 3.250000E+00 |   -5.416667E-05    |           -           |
|   67  | 3.300000E+00 |   -5.500000E-05    |           -           |
|   68  | 3.350000E+00 |   -5.583333E-05    |           -           |
|   69  | 3.400000E+00 |   -5.666667E-05    |           -           |
|   70  | 3.450000E+00 |   -5.750000E-05    |           -           |
|   71  | 3.500000E+00 |   -5.833333E-05    |           -           |
|   72  | 3.550000E+00 |   -5.916667E-05    |           -           |
|   73  | 3.600000E+00 |   -6.000000E-05    |           -           |
|   74  | 3.650000E+00 |   -6.083333E-05    |           -           |
|   75  | 3.700000E+00 |   -6.166667E-05    |           -           |
|   76  | 3.750000E+00 |   -6.250000E-05    |           -           |
|   77  | 3.800000E+00 |   -6.333333E-05    |           -           |
|   78  | 3.850000E+00 |   -6.416667E-05    |           -           |
|   79  | 3.900000E+00 |   -6.500000E-05    |           -           |
|   80  | 3.950000E+00 |   -6.583333E-05    |           -           |
|   81  | 4.000000E+00 |   -6.666667E-05    |           -           |
|   82  | 4.050000E+00 |   -6.750000E-05    |           -           |
|   83  | 4.100000E+00 |   -6.833333E-05    |           -           |
|   84  | 4.150000E+00 |   -6.916667E-05    |           -           |
|   85  | 4.200000E+00 |   -7.000000E-05    |           -           |
|   86  | 4.250000E+00 |   -7.083333E-05    |           -           |
|   87  | 4.300000E+00 |   -7.166667E-05    |           -           |
|   88  | 4.350000E+00 |   -7.250000E-05    |           -           |
|   89  | 4.400000E+00 |   -7.333333E-05    |           -           |
|   90  | 4.450000E+00 |   -7.416667E-05    |           -           |
|   91  | 4.500000E+00 |   -7.500000E-05    |           -           |
|   92  | 4.550000E+00 |   -7.583333E-05    |           -           |
|   93  | 4.600000E+00 |   -7.666667E-05    |           -           |
|   94  | 4.650000E+00 |   -7.750000E-05    |           -           |
|   95  | 4.700000E+00 |   -7.833333E-05    |           -           |
|   96  | 4.750000E+00 |   -7.916667E-05    |           -           |
|   97  | 4.800000E+00 |   -8.000000E-05    |           -           |
|   98  | 4.850000E+00 |   -8.083333E-05    |           -           |
|   99  | 4.900000E+00 |   -8.166667E-05    |           -           |
|  100  | 4.950000E+00 |   -8.250000E-05    |           -           |
|  101  | 5.000000E+00 |   -8.333333E-05    |           -           |
+-------+--------------+--------------------+-----------------------+

# Esforços normais de referência
+-------------+-----------+---------+---------+--------------+---------------+
| Elemento ID | Trecho ID | Nó 1 ID | Nó 2 ID |    X_ref     |  Força Axial  |
+-------------+-----------+---------+---------+--------------+---------------+
|      1      |     1     |    1    |    2    | 0.000000E+00 | -1.000000E+00 |
|      2      |     1     |    2    |    3    | 5.000000E-02 | -1.000000E+00 |
|      3      |     1     |    3    |    4    | 1.000000E-01 | -1.000000E+00 |
|      4      |     1     |    4    |    5    | 1.500000E-01 | -1.000000E+00 |
|      5      |     1     |    5    |    6    | 2.000000E-01 | -1.000000E+00 |
|      6      |     1     |    6    |    7    | 2.500000E-01 | -1.000000E+00 |
|      7      |     1     |    7    |    8    | 3.000000E-01 | -1.000000E+00 |
|      8      |     1     |    8    |    9    | 3.500000E-01 | -1.000000E+00 |
|      9      |     1     |    9    |    10   | 4.000000E-01 | -1.000000E+00 |
|      10     |     1     |    10   |    11   | 4.500000E-01 | -1.000000E+00 |
|      11     |     1     |    11   |    12   | 5.000000E-01 | -1.000000E+00 |
|      12     |     1     |    12   |    13   | 5.500000E-01 | -1.000000E+00 |
|      13     |     1     |    13   |    14   | 6.000000E-01 | -1.000000E+00 |
|      14     |     1     |    14   |    15   | 6.500000E-01 | -1.000000E+00 |
|      15     |     1     |    15   |    16   | 7.000000E-01 | -1.000000E+00 |
|      16     |     1     |    16   |    17   | 7.500000E-01 | -1.000000E+00 |
|      17     |     1     |    17   |    18   | 8.000000E-01 | -1.000000E+00 |
|      18     |     1     |    18   |    19   | 8.500000E-01 | -1.000000E+00 |
|      19     |     1     |    19   |    20   | 9.000000E-01 | -1.000000E+00 |
|      20     |     1     |    20   |    21   | 9.500000E-01 | -1.000000E+00 |
|      21     |     1     |    21   |    22   | 1.000000E+00 | -1.000000E+00 |
|      22     |     1     |    22   |    23   | 1.050000E+00 | -1.000000E+00 |
|      23     |     1     |    23   |    24   | 1.100000E+00 | -1.000000E+00 |
|      24     |     1     |    24   |    25   | 1.150000E+00 | -1.000000E+00 |
|      25     |     1     |    25   |    26   | 1.200000E+00 | -1.000000E+00 |
|      26     |     1     |    26   |    27   | 1.250000E+00 | -1.000000E+00 |
|      27     |     1     |    27   |    28   | 1.300000E+00 | -1.000000E+00 |
|      28     |     1     |    28   |    29   | 1.350000E+00 | -1.000000E+00 |
|      29     |     1     |    29   |    30   | 1.400000E+00 | -1.000000E+00 |
|      30     |     1     |    30   |    31   | 1.450000E+00 | -1.000000E+00 |
|      31     |     1     |    31   |    32   | 1.500000E+00 | -1.000000E+00 |
|      32     |     1     |    32   |    33   | 1.550000E+00 | -1.000000E+00 |
|      33     |     1     |    33   |    34   | 1.600000E+00 | -1.000000E+00 |
|      34     |     1     |    34   |    35   | 1.650000E+00 | -1.000000E+00 |
|      35     |     1     |    35   |    36   | 1.700000E+00 | -1.000000E+00 |
|      36     |     1     |    36   |    37   | 1.750000E+00 | -1.000000E+00 |
|      37     |     1     |    37   |    38   | 1.800000E+00 | -1.000000E+00 |
|      38     |     1     |    38   |    39   | 1.850000E+00 | -1.000000E+00 |
|      39     |     1     |    39   |    40   | 1.900000E+00 | -1.000000E+00 |
|      40     |     1     |    40   |    41   | 1.950000E+00 | -1.000000E+00 |
|      41     |     1     |    41   |    42   | 2.000000E+00 | -1.000000E+00 |
|      42     |     1     |    42   |    43   | 2.050000E+00 | -1.000000E+00 |
|      43     |     1     |    43   |    44   | 2.100000E+00 | -1.000000E+00 |
|      44     |     1     |    44   |    45   | 2.150000E+00 | -1.000000E+00 |
|      45     |     1     |    45   |    46   | 2.200000E+00 | -1.000000E+00 |
|      46     |     1     |    46   |    47   | 2.250000E+00 | -1.000000E+00 |
|      47     |     1     |    47   |    48   | 2.300000E+00 | -1.000000E+00 |
|      48     |     1     |    48   |    49   | 2.350000E+00 | -1.000000E+00 |
|      49     |     1     |    49   |    50   | 2.400000E+00 | -1.000000E+00 |
|      50     |     1     |    50   |    51   | 2.450000E+00 | -1.000000E+00 |
|      51     |     1     |    51   |    52   | 2.500000E+00 | -1.000000E+00 |
|      52     |     1     |    52   |    53   | 2.550000E+00 | -1.000000E+00 |
|      53     |     1     |    53   |    54   | 2.600000E+00 | -1.000000E+00 |
|      54     |     1     |    54   |    55   | 2.650000E+00 | -1.000000E+00 |
|      55     |     1     |    55   |    56   | 2.700000E+00 | -1.000000E+00 |
|      56     |     1     |    56   |    57   | 2.750000E+00 | -1.000000E+00 |
|      57     |     1     |    57   |    58   | 2.800000E+00 | -1.000000E+00 |
|      58     |     1     |    58   |    59   | 2.850000E+00 | -1.000000E+00 |
|      59     |     1     |    59   |    60   | 2.900000E+00 | -1.000000E+00 |
|      60     |     1     |    60   |    61   | 2.950000E+00 | -1.000000E+00 |
|      61     |     1     |    61   |    62   | 3.000000E+00 | -1.000000E+00 |
|      62     |     1     |    62   |    63   | 3.050000E+00 | -1.000000E+00 |
|      63     |     1     |    63   |    64   | 3.100000E+00 | -1.000000E+00 |
|      64     |     1     |    64   |    65   | 3.150000E+00 | -1.000000E+00 |
|      65     |     1     |    65   |    66   | 3.200000E+00 | -1.000000E+00 |
|      66     |     1     |    66   |    67   | 3.250000E+00 | -1.000000E+00 |
|      67     |     1     |    67   |    68   | 3.300000E+00 | -1.000000E+00 |
|      68     |     1     |    68   |    69   | 3.350000E+00 | -1.000000E+00 |
|      69     |     1     |    69   |    70   | 3.400000E+00 | -1.000000E+00 |
|      70     |     1     |    70   |    71   | 3.450000E+00 | -1.000000E+00 |
|      71     |     1     |    71   |    72   | 3.500000E+00 | -1.000000E+00 |
|      72     |     1     |    72   |    73   | 3.550000E+00 | -1.000000E+00 |
|      73     |     1     |    73   |    74   | 3.600000E+00 | -1.000000E+00 |
|      74     |     1     |    74   |    75   | 3.650000E+00 | -1.000000E+00 |
|      75     |     1     |    75   |    76   | 3.700000E+00 | -1.000000E+00 |
|      76     |     1     |    76   |    77   | 3.750000E+00 | -1.000000E+00 |
|      77     |     1     |    77   |    78   | 3.800000E+00 | -1.000000E+00 |
|      78     |     1     |    78   |    79   | 3.850000E+00 | -1.000000E+00 |
|      79     |     1     |    79   |    80   | 3.900000E+00 | -1.000000E+00 |
|      80     |     1     |    80   |    81   | 3.950000E+00 | -1.000000E+00 |
|      81     |     1     |    81   |    82   | 4.000000E+00 | -1.000000E+00 |
|      82     |     1     |    82   |    83   | 4.050000E+00 | -1.000000E+00 |
|      83     |     1     |    83   |    84   | 4.100000E+00 | -1.000000E+00 |
|      84     |     1     |    84   |    85   | 4.150000E+00 | -1.000000E+00 |
|      85     |     1     |    85   |    86   | 4.200000E+00 | -1.000000E+00 |
|      86     |     1     |    86   |    87   | 4.250000E+00 | -1.000000E+00 |
|      87     |     1     |    87   |    88   | 4.300000E+00 | -1.000000E+00 |
|      88     |     1     |    88   |    89   | 4.350000E+00 | -1.000000E+00 |
|      89     |     1     |    89   |    90   | 4.400000E+00 | -1.000000E+00 |
|      90     |     1     |    90   |    91   | 4.450000E+00 | -1.000000E+00 |
|      91     |     1     |    91   |    92   | 4.500000E+00 | -1.000000E+00 |
|      92     |     1     |    92   |    93   | 4.550000E+00 | -1.000000E+00 |
|      93     |     1     |    93   |    94   | 4.600000E+00 | -1.000000E+00 |
|      94     |     1     |    94   |    95   | 4.650000E+00 | -1.000000E+00 |
|      95     |     1     |    95   |    96   | 4.700000E+00 | -1.000000E+00 |
|      96     |     1     |    96   |    97   | 4.750000E+00 | -1.000000E+00 |
|      97     |     1     |    97   |    98   | 4.800000E+00 | -1.000000E+00 |
|      98     |     1     |    98   |    99   | 4.850000E+00 | -1.000000E+00 |
|      99     |     1     |    99   |   100   | 4.900000E+00 | -1.000000E+00 |
|     100     |     1     |   100   |   101   | 4.950000E+00 | -1.000000E+00 |
+-------------+-----------+---------+---------+--------------+---------------+

# Modos de flambagem

## Modo 1
lambda_cr = 4.413353E+03
+-------+--------------+---------------+---------------+
| Nó ID |      X       |       v       |     theta     |
+-------+--------------+---------------+---------------+
|   1   | 0.000000E+00 | +0.000000E+00 | -1.884956E+00 |
|   2   | 5.000000E-02 | -9.410831E-02 | -1.876590E+00 |
|   3   | 1.000000E-01 | -1.873813E-01 | -1.851568E+00 |
|   4   | 1.500000E-01 | -2.789911E-01 | -1.810111E+00 |
|   5   | 2.000000E-01 | -3.681246E-01 | -1.752587E+00 |
|   6   | 2.500000E-01 | -4.539905E-01 | -1.679508E+00 |
|   7   | 3.000000E-01 | -5.358268E-01 | -1.591521E+00 |
|   8   | 3.500000E-01 | -6.129071E-01 | -1.489407E+00 |
|   9   | 4.000000E-01 | -6.845471E-01 | -1.374073E+00 |
|   10  | 4.500000E-01 | -7.501111E-01 | -1.246543E+00 |
|   11  | 5.000000E-01 | -8.090170E-01 | -1.107949E+00 |
|   12  | 5.500000E-01 | -8.607420E-01 | -9.595205E-01 |
|   13  | 6.000000E-01 | -9.048271E-01 | -8.025751E-01 |
|   14  | 6.500000E-01 | -9.408808E-01 | -6.385059E-01 |
|   15  | 7.000000E-01 | -9.685832E-01 | -4.687694E-01 |
|   16  | 7.500000E-01 | -9.876883E-01 | -2.948720E-01 |
|   17  | 8.000000E-01 | -9.980267E-01 | -1.183573E-01 |
|   18  | 8.500000E-01 | -9.995066E-01 | +5.920789E-02 |
|   19  | 9.000000E-01 | -9.921147E-01 | +2.362476E-01 |
|   20  | 9.500000E-01 | -9.759168E-01 | +4.111903E-01 |
|   21  | 1.000000E+00 | -9.510565E-01 | +5.824833E-01 |
|   22  | 1.050000E+00 | -9.177546E-01 | +7.486061E-01 |
|   23  | 1.100000E+00 | -8.763067E-01 | +9.080843E-01 |
|   24  | 1.150000E+00 | -8.270806E-01 | +1.059502E+00 |
|   25  | 1.200000E+00 | -7.705132E-01 | +1.201516E+00 |
|   26  | 1.250000E+00 | -7.071068E-01 | +1.332865E+00 |
|   27  | 1.300000E+00 | -6.374240E-01 | +1.452383E+00 |
|   28  | 1.350000E+00 | -5.620834E-01 | +1.559010E+00 |
|   29  | 1.400000E+00 | -4.817537E-01 | +1.651799E+00 |
|   30  | 1.450000E+00 | -3.971479E-01 | +1.729927E+00 |
|   31  | 1.500000E+00 | -3.090170E-01 | +1.792699E+00 |
|   32  | 1.550000E+00 | -2.181432E-01 | +1.839560E+00 |
|   33  | 1.600000E+00 | -1.253332E-01 | +1.870092E+00 |
|   34  | 1.650000E+00 | -3.141076E-02 | +1.884025E+00 |
|   35  | 1.700000E+00 | +6.279052E-02 | +1.881236E+00 |
|   36  | 1.750000E+00 | +1.564345E-01 | +1.861749E+00 |
|   37  | 1.800000E+00 | +2.486899E-01 | +1.825736E+00 |
|   38  | 1.850000E+00 | +3.387379E-01 | +1.773518E+00 |
|   39  | 1.900000E+00 | +4.257793E-01 | +1.705559E+00 |
|   40  | 1.950000E+00 | +5.090414E-01 | +1.622460E+00 |
|   41  | 2.000000E+00 | +5.877853E-01 | +1.524961E+00 |
|   42  | 2.050000E+00 | +6.613119E-01 | +1.413926E+00 |
|   43  | 2.100000E+00 | +7.289686E-01 | +1.290341E+00 |
|   44  | 2.150000E+00 | +7.901550E-01 | +1.155303E+00 |
|   45  | 2.200000E+00 | +8.443279E-01 | +1.010010E+00 |
|   46  | 2.250000E+00 | +8.910065E-01 | +8.557519E-01 |
|   47  | 2.300000E+00 | +9.297765E-01 | +6.938984E-01 |
|   48  | 2.350000E+00 | +9.602937E-01 | +5.258858E-01 |
|   49  | 2.400000E+00 | +9.822873E-01 | +3.532055E-01 |
|   50  | 2.450000E+00 | +9.955620E-01 | +1.773900E-01 |
|   51  | 2.500000E+00 | +1.000000E+00 | -9.228435E-11 |
|   52  | 2.550000E+00 | +9.955620E-01 | -1.773900E-01 |
|   53  | 2.600000E+00 | +9.822873E-01 | -3.532055E-01 |
|   54  | 2.650000E+00 | +9.602937E-01 | -5.258858E-01 |
|   55  | 2.700000E+00 | +9.297765E-01 | -6.938984E-01 |
|   56  | 2.750000E+00 | +8.910065E-01 | -8.557519E-01 |
|   57  | 2.800000E+00 | +8.443279E-01 | -1.010010E+00 |
|   58  | 2.850000E+00 | +7.901550E-01 | -1.155303E+00 |
|   59  | 2.900000E+00 | +7.289686E-01 | -1.290341E+00 |
|   60  | 2.950000E+00 | +6.613119E-01 | -1.413926E+00 |
|   61  | 3.000000E+00 | +5.877853E-01 | -1.524961E+00 |
|   62  | 3.050000E+00 | +5.090414E-01 | -1.622460E+00 |
|   63  | 3.100000E+00 | +4.257793E-01 | -1.705559E+00 |
|   64  | 3.150000E+00 | +3.387379E-01 | -1.773518E+00 |
|   65  | 3.200000E+00 | +2.486899E-01 | -1.825736E+00 |
|   66  | 3.250000E+00 | +1.564345E-01 | -1.861749E+00 |
|   67  | 3.300000E+00 | +6.279052E-02 | -1.881236E+00 |
|   68  | 3.350000E+00 | -3.141076E-02 | -1.884025E+00 |
|   69  | 3.400000E+00 | -1.253332E-01 | -1.870092E+00 |
|   70  | 3.450000E+00 | -2.181432E-01 | -1.839560E+00 |
|   71  | 3.500000E+00 | -3.090170E-01 | -1.792699E+00 |
|   72  | 3.550000E+00 | -3.971479E-01 | -1.729927E+00 |
|   73  | 3.600000E+00 | -4.817537E-01 | -1.651799E+00 |
|   74  | 3.650000E+00 | -5.620834E-01 | -1.559010E+00 |
|   75  | 3.700000E+00 | -6.374240E-01 | -1.452383E+00 |
|   76  | 3.750000E+00 | -7.071068E-01 | -1.332865E+00 |
|   77  | 3.800000E+00 | -7.705132E-01 | -1.201516E+00 |
|   78  | 3.850000E+00 | -8.270806E-01 | -1.059502E+00 |
|   79  | 3.900000E+00 | -8.763067E-01 | -9.080843E-01 |
|   80  | 3.950000E+00 | -9.177546E-01 | -7.486061E-01 |
|   81  | 4.000000E+00 | -9.510565E-01 | -5.824833E-01 |
|   82  | 4.050000E+00 | -9.759168E-01 | -4.111903E-01 |
|   83  | 4.100000E+00 | -9.921147E-01 | -2.362476E-01 |
|   84  | 4.150000E+00 | -9.995066E-01 | -5.920789E-02 |
|   85  | 4.200000E+00 | -9.980267E-01 | +1.183573E-01 |
|   86  | 4.250000E+00 | -9.876883E-01 | +2.948720E-01 |
|   87  | 4.300000E+00 | -9.685832E-01 | +4.687694E-01 |
|   88  | 4.350000E+00 | -9.408808E-01 | +6.385059E-01 |
|   89  | 4.400000E+00 | -9.048271E-01 | +8.025751E-01 |
|   90  | 4.450000E+00 | -8.607420E-01 | +9.595205E-01 |
|   91  | 4.500000E+00 | -8.090170E-01 | +1.107949E+00 |
|   92  | 4.550000E+00 | -7.501111E-01 | +1.246543E+00 |
|   93  | 4.600000E+00 | -6.845471E-01 | +1.374073E+00 |
|   94  | 4.650000E+00 | -6.129071E-01 | +1.489407E+00 |
|   95  | 4.700000E+00 | -5.358268E-01 | +1.591521E+00 |
|   96  | 4.750000E+00 | -4.539905E-01 | +1.679508E+00 |
|   97  | 4.800000E+00 | -3.681246E-01 | +1.752587E+00 |
|   98  | 4.850000E+00 | -2.789911E-01 | +1.810111E+00 |
|   99  | 4.900000E+00 | -1.873813E-01 | +1.851568E+00 |
|  100  | 4.950000E+00 | -9.410831E-02 | +1.876590E+00 |
|  101  | 5.000000E+00 | +0.000000E+00 | +1.884956E+00 |
+-------+--------------+---------------+---------------+

## Modo 2
lambda_cr = 4.425591E+03
+-------+--------------+---------------+---------------+
| Nó ID |      X       |       v       |     theta     |
+-------+--------------+---------------+---------------+
|   1   | 0.000000E+00 | +0.000000E+00 | +2.518243E+00 |
|   2   | 5.000000E-02 | +1.255810E-01 | +2.498386E+00 |
|   3   | 1.000000E-01 | +2.491816E-01 | +2.439128E+00 |
|   4   | 1.500000E-01 | +3.688524E-01 | +2.341403E+00 |
|   5   | 2.000000E-01 | +4.827062E-01 | +2.206753E+00 |
|   6   | 2.500000E-01 | +5.889474E-01 | +2.037302E+00 |
|   7   | 3.000000E-01 | +6.859006E-01 | +1.835720E+00 |
|   8   | 3.500000E-01 | +7.720367E-01 | +1.605189E+00 |
|   9   | 4.000000E-01 | +8.459973E-01 | +1.349342E+00 |
|   10  | 4.500000E-01 | +9.066161E-01 | +1.072216E+00 |
|   11  | 5.000000E-01 | +9.529369E-01 | +7.781800E-01 |
|   12  | 5.500000E-01 | +9.842294E-01 | +4.718717E-01 |
|   13  | 6.000000E-01 | +1.000000E+00 | +1.581218E-01 |
|   14  | 6.500000E-01 | +1.000000E+00 | -1.581218E-01 |
|   15  | 7.000000E-01 | +9.842294E-01 | -4.718717E-01 |
|   16  | 7.500000E-01 | +9.529369E-01 | -7.781800E-01 |
|   17  | 8.000000E-01 | +9.066161E-01 | -1.072216E+00 |
|   18  | 8.500000E-01 | +8.459973E-01 | -1.349342E+00 |
|   19  | 9.000000E-01 | +7.720367E-01 | -1.605189E+00 |
|   20  | 9.500000E-01 | +6.859006E-01 | -1.835720E+00 |
|   21  | 1.000000E+00 | +5.889474E-01 | -2.037302E+00 |
|   22  | 1.050000E+00 | +4.827062E-01 | -2.206753E+00 |
|   23  | 1.100000E+00 | +3.688524E-01 | -2.341403E+00 |
|   24  | 1.150000E+00 | +2.491816E-01 | -2.439128E+00 |
|   25  | 1.200000E+00 | +1.255810E-01 | -2.498386E+00 |
|   26  | 1.250000E+00 | -5.594553E-11 | -2.518243E+00 |
|   27  | 1.300000E+00 | -1.255810E-01 | -2.498386E+00 |
|   28  | 1.350000E+00 | -2.491816E-01 | -2.439128E+00 |
|   29  | 1.400000E+00 | -3.688524E-01 | -2.341403E+00 |
|   30  | 1.450000E+00 | -4.827062E-01 | -2.206753E+00 |
|   31  | 1.500000E+00 | -5.889474E-01 | -2.037302E+00 |
|   32  | 1.550000E+00 | -6.859006E-01 | -1.835720E+00 |
|   33  | 1.600000E+00 | -7.720367E-01 | -1.605189E+00 |
|   34  | 1.650000E+00 | -8.459973E-01 | -1.349342E+00 |
|   35  | 1.700000E+00 | -9.066161E-01 | -1.072216E+00 |
|   36  | 1.750000E+00 | -9.529369E-01 | -7.781800E-01 |
|   37  | 1.800000E+00 | -9.842294E-01 | -4.718717E-01 |
|   38  | 1.850000E+00 | -1.000000E+00 | -1.581218E-01 |
|   39  | 1.900000E+00 | -1.000000E+00 | +1.581218E-01 |
|   40  | 1.950000E+00 | -9.842294E-01 | +4.718717E-01 |
|   41  | 2.000000E+00 | -9.529369E-01 | +7.781800E-01 |
|   42  | 2.050000E+00 | -9.066161E-01 | +1.072216E+00 |
|   43  | 2.100000E+00 | -8.459973E-01 | +1.349342E+00 |
|   44  | 2.150000E+00 | -7.720367E-01 | +1.605189E+00 |
|   45  | 2.200000E+00 | -6.859006E-01 | +1.835720E+00 |
|   46  | 2.250000E+00 | -5.889474E-01 | +2.037302E+00 |
|   47  | 2.300000E+00 | -4.827062E-01 | +2.206753E+00 |
|   48  | 2.350000E+00 | -3.688524E-01 | +2.341403E+00 |
|   49  | 2.400000E+00 | -2.491816E-01 | +2.439128E+00 |
|   50  | 2.450000E+00 | -1.255810E-01 | +2.498386E+00 |
|   51  | 2.500000E+00 | +7.946389E-11 | +2.518243E+00 |
|   52  | 2.550000E+00 | +1.255810E-01 | +2.498386E+00 |
|   53  | 2.600000E+00 | +2.491816E-01 | +2.439128E+00 |
|   54  | 2.650000E+00 | +3.688524E-01 | +2.341403E+00 |
|   55  | 2.700000E+00 | +4.827062E-01 | +2.206753E+00 |
|   56  | 2.750000E+00 | +5.889474E-01 | +2.037302E+00 |
|   57  | 2.800000E+00 | +6.859006E-01 | +1.835720E+00 |
|   58  | 2.850000E+00 | +7.720367E-01 | +1.605189E+00 |
|   59  | 2.900000E+00 | +8.459973E-01 | +1.349342E+00 |
|   60  | 2.950000E+00 | +9.066161E-01 | +1.072216E+00 |
|   61  | 3.000000E+00 | +9.529369E-01 | +7.781800E-01 |
|   62  | 3.050000E+00 | +9.842294E-01 | +4.718717E-01 |
|   63  | 3.100000E+00 | +1.000000E+00 | +1.581218E-01 |
|   64  | 3.150000E+00 | +1.000000E+00 | -1.581218E-01 |
|   65  | 3.200000E+00 | +9.842294E-01 | -4.718717E-01 |
|   66  | 3.250000E+00 | +9.529369E-01 | -7.781800E-01 |
|   67  | 3.300000E+00 | +9.066161E-01 | -1.072216E+00 |
|   68  | 3.350000E+00 | +8.459973E-01 | -1.349342E+00 |
|   69  | 3.400000E+00 | +7.720367E-01 | -1.605189E+00 |
|   70  | 3.450000E+00 | +6.859006E-01 | -1.835720E+00 |
|   71  | 3.500000E+00 | +5.889474E-01 | -2.037302E+00 |
|   72  | 3.550000E+00 | +4.827062E-01 | -2.206753E+00 |
|   73  | 3.600000E+00 | +3.688524E-01 | -2.341403E+00 |
|   74  | 3.650000E+00 | +2.491816E-01 | -2.439128E+00 |
|   75  | 3.700000E+00 | +1.255810E-01 | -2.498386E+00 |
|   76  | 3.750000E+00 | -3.858874E-11 | -2.518243E+00 |
|   77  | 3.800000E+00 | -1.255810E-01 | -2.498386E+00 |
|   78  | 3.850000E+00 | -2.491816E-01 | -2.439128E+00 |
|   79  | 3.900000E+00 | -3.688524E-01 | -2.341403E+00 |
|   80  | 3.950000E+00 | -4.827062E-01 | -2.206753E+00 |
|   81  | 4.000000E+00 | -5.889474E-01 | -2.037302E+00 |
|   82  | 4.050000E+00 | -6.859006E-01 | -1.835720E+00 |
|   83  | 4.100000E+00 | -7.720367E-01 | -1.605189E+00 |
|   84  | 4.150000E+00 | -8.459973E-01 | -1.349342E+00 |
|   85  | 4.200000E+00 | -9.066161E-01 | -1.072216E+00 |
|   86  | 4.250000E+00 | -9.529369E-01 | -7.781800E-01 |
|   87  | 4.300000E+00 | -9.842294E-01 | -4.718717E-01 |
|   88  | 4.350000E+00 | -1.000000E+00 | -1.581218E-01 |
|   89  | 4.400000E+00 | -1.000000E+00 | +1.581218E-01 |
|   90  | 4.450000E+00 | -9.842294E-01 | +4.718717E-01 |
|   91  | 4.500000E+00 | -9.529369E-01 | +7.781800E-01 |
|   92  | 4.550000E+00 | -9.066161E-01 | +1.072216E+00 |
|   93  | 4.600000E+00 | -8.459973E-01 | +1.349342E+00 |
|   94  | 4.650000E+00 | -7.720367E-01 | +1.605189E+00 |
|   95  | 4.700000E+00 | -6.859006E-01 | +1.835720E+00 |
|   96  | 4.750000E+00 | -5.889474E-01 | +2.037302E+00 |
|   97  | 4.800000E+00 | -4.827062E-01 | +2.206753E+00 |
|   98  | 4.850000E+00 | -3.688524E-01 | +2.341403E+00 |
|   99  | 4.900000E+00 | -2.491816E-01 | +2.439128E+00 |
|  100  | 4.950000E+00 | -1.255810E-01 | +2.498386E+00 |
|  101  | 5.000000E+00 | +0.000000E+00 | +2.518243E+00 |
+-------+--------------+---------------+---------------+

## Modo 3
lambda_cr = 5.454538E+03
+-------+--------------+---------------+---------------+
| Nó ID |      X       |       v       |     theta     |
+-------+--------------+---------------+---------------+
|   1   | 0.000000E+00 | +0.000000E+00 | +3.141593E+00 |
|   2   | 5.000000E-02 | +1.564345E-01 | +3.102914E+00 |
|   3   | 1.000000E-01 | +3.090170E-01 | +2.987832E+00 |
|   4   | 1.500000E-01 | +4.539905E-01 | +2.799180E+00 |
|   5   | 2.000000E-01 | +5.877853E-01 | +2.541602E+00 |
|   6   | 2.500000E-01 | +7.071068E-01 | +2.221441E+00 |
|   7   | 3.000000E-01 | +8.090170E-01 | +1.846582E+00 |
|   8   | 3.500000E-01 | +8.910065E-01 | +1.426253E+00 |
|   9   | 4.000000E-01 | +9.510565E-01 | +9.708055E-01 |
|   10  | 4.500000E-01 | +9.876883E-01 | +4.914534E-01 |
|   11  | 5.000000E-01 | +1.000000E+00 | +3.045112E-11 |
|   12  | 5.500000E-01 | +9.876883E-01 | -4.914534E-01 |
|   13  | 6.000000E-01 | +9.510565E-01 | -9.708055E-01 |
|   14  | 6.500000E-01 | +8.910065E-01 | -1.426253E+00 |
|   15  | 7.000000E-01 | +8.090170E-01 | -1.846582E+00 |
|   16  | 7.500000E-01 | +7.071068E-01 | -2.221441E+00 |
|   17  | 8.000000E-01 | +5.877853E-01 | -2.541602E+00 |
|   18  | 8.500000E-01 | +4.539905E-01 | -2.799180E+00 |
|   19  | 9.000000E-01 | +3.090170E-01 | -2.987832E+00 |
|   20  | 9.500000E-01 | +1.564345E-01 | -3.102914E+00 |
|   21  | 1.000000E+00 | +2.729202E-11 | -3.141593E+00 |
|   22  | 1.050000E+00 | -1.564345E-01 | -3.102914E+00 |
|   23  | 1.100000E+00 | -3.090170E-01 | -2.987832E+00 |
|   24  | 1.150000E+00 | -4.539905E-01 | -2.799180E+00 |
|   25  | 1.200000E+00 | -5.877853E-01 | -2.541602E+00 |
|   26  | 1.250000E+00 | -7.071068E-01 | -2.221441E+00 |
|   27  | 1.300000E+00 | -8.090170E-01 | -1.846582E+00 |
|   28  | 1.350000E+00 | -8.910065E-01 | -1.426253E+00 |
|   29  | 1.400000E+00 | -9.510565E-01 | -9.708055E-01 |
|   30  | 1.450000E+00 | -9.876883E-01 | -4.914534E-01 |
|   31  | 1.500000E+00 | -1.000000E+00 | -2.990175E-11 |
|   32  | 1.550000E+00 | -9.876883E-01 | +4.914534E-01 |
|   33  | 1.600000E+00 | -9.510565E-01 | +9.708055E-01 |
|   34  | 1.650000E+00 | -8.910065E-01 | +1.426253E+00 |
|   35  | 1.700000E+00 | -8.090170E-01 | +1.846582E+00 |
|   36  | 1.750000E+00 | -7.071068E-01 | +2.221441E+00 |
|   37  | 1.800000E+00 | -5.877853E-01 | +2.541602E+00 |
|   38  | 1.850000E+00 | -4.539905E-01 | +2.799180E+00 |
|   39  | 1.900000E+00 | -3.090170E-01 | +2.987832E+00 |
|   40  | 1.950000E+00 | -1.564345E-01 | +3.102914E+00 |
|   41  | 2.000000E+00 | +2.001246E-12 | +3.141593E+00 |
|   42  | 2.050000E+00 | +1.564345E-01 | +3.102914E+00 |
|   43  | 2.100000E+00 | +3.090170E-01 | +2.987832E+00 |
|   44  | 2.150000E+00 | +4.539905E-01 | +2.799180E+00 |
|   45  | 2.200000E+00 | +5.877853E-01 | +2.541602E+00 |
|   46  | 2.250000E+00 | +7.071068E-01 | +2.221441E+00 |
|   47  | 2.300000E+00 | +8.090170E-01 | +1.846582E+00 |
|   48  | 2.350000E+00 | +8.910065E-01 | +1.426253E+00 |
|   49  | 2.400000E+00 | +9.510565E-01 | +9.708055E-01 |
|   50  | 2.450000E+00 | +9.876883E-01 | +4.914534E-01 |
|   51  | 2.500000E+00 | +1.000000E+00 | -7.169566E-12 |
|   52  | 2.550000E+00 | +9.876883E-01 | -4.914534E-01 |
|   53  | 2.600000E+00 | +9.510565E-01 | -9.708055E-01 |
|   54  | 2.650000E+00 | +8.910065E-01 | -1.426253E+00 |
|   55  | 2.700000E+00 | +8.090170E-01 | -1.846582E+00 |
|   56  | 2.750000E+00 | +7.071068E-01 | -2.221441E+00 |
|   57  | 2.800000E+00 | +5.877853E-01 | -2.541602E+00 |
|   58  | 2.850000E+00 | +4.539905E-01 | -2.799180E+00 |
|   59  | 2.900000E+00 | +3.090170E-01 | -2.987832E+00 |
|   60  | 2.950000E+00 | +1.564345E-01 | -3.102914E+00 |
|   61  | 3.000000E+00 | -5.593728E-12 | -3.141593E+00 |
|   62  | 3.050000E+00 | -1.564345E-01 | -3.102914E+00 |
|   63  | 3.100000E+00 | -3.090170E-01 | -2.987832E+00 |
|   64  | 3.150000E+00 | -4.539905E-01 | -2.799180E+00 |
|   65  | 3.200000E+00 | -5.877853E-01 | -2.541602E+00 |
|   66  | 3.250000E+00 | -7.071068E-01 | -2.221441E+00 |
|   67  | 3.300000E+00 | -8.090170E-01 | -1.846582E+00 |
|   68  | 3.350000E+00 | -8.910065E-01 | -1.426253E+00 |
|   69  | 3.400000E+00 | -9.510565E-01 | -9.708055E-01 |
|   70  | 3.450000E+00 | -9.876883E-01 | -4.914534E-01 |
|   71  | 3.500000E+00 | -1.000000E+00 | +1.882355E-11 |
|   72  | 3.550000E+00 | -9.876883E-01 | +4.914534E-01 |
|   73  | 3.600000E+00 | -9.510565E-01 | +9.708055E-01 |
|   74  | 3.650000E+00 | -8.910065E-01 | +1.426253E+00 |
|   75  | 3.700000E+00 | -8.090170E-01 | +1.846582E+00 |
|   76  | 3.750000E+00 | -7.071068E-01 | +2.221441E+00 |
|   77  | 3.800000E+00 | -5.877853E-01 | +2.541602E+00 |
|   78  | 3.850000E+00 | -4.539905E-01 | +2.799180E+00 |
|   79  | 3.900000E+00 | -3.090170E-01 | +2.987832E+00 |
|   80  | 3.950000E+00 | -1.564345E-01 | +3.102914E+00 |
|   81  | 4.000000E+00 | +8.679695E-12 | +3.141593E+00 |
|   82  | 4.050000E+00 | +1.564345E-01 | +3.102914E+00 |
|   83  | 4.100000E+00 | +3.090170E-01 | +2.987832E+00 |
|   84  | 4.150000E+00 | +4.539905E-01 | +2.799180E+00 |
|   85  | 4.200000E+00 | +5.877853E-01 | +2.541602E+00 |
|   86  | 4.250000E+00 | +7.071068E-01 | +2.221441E+00 |
|   87  | 4.300000E+00 | +8.090170E-01 | +1.846582E+00 |
|   88  | 4.350000E+00 | +8.910065E-01 | +1.426253E+00 |
|   89  | 4.400000E+00 | +9.510565E-01 | +9.708055E-01 |
|   90  | 4.450000E+00 | +9.876883E-01 | +4.914534E-01 |
|   91  | 4.500000E+00 | +1.000000E+00 | -9.379077E-12 |
|   92  | 4.550000E+00 | +9.876883E-01 | -4.914534E-01 |
|   93  | 4.600000E+00 | +9.510565E-01 | -9.708055E-01 |
|   94  | 4.650000E+00 | +8.910065E-01 | -1.426253E+00 |
|   95  | 4.700000E+00 | +8.090170E-01 | -1.846582E+00 |
|   96  | 4.750000E+00 | +7.071068E-01 | -2.221441E+00 |
|   97  | 4.800000E+00 | +5.877853E-01 | -2.541602E+00 |
|   98  | 4.850000E+00 | +4.539905E-01 | -2.799180E+00 |
|   99  | 4.900000E+00 | +3.090170E-01 | -2.987832E+00 |
|  100  | 4.950000E+00 | +1.564345E-01 | -3.102914E+00 |
|  101  | 5.000000E+00 | +0.000000E+00 | -3.141593E+00 |
+-------+--------------+---------------+---------------+
