# Arquivo de entrada: ex01.ie

# Data de execução: 06/07/2026

# Convenção de sinais:
- Cargas axiais no sentido da esquerda pra direita são consideradas positivas.
- Esforços normais positivos representam tração.
- Deslocamentos axiais no sentido da esquerda para direita são considerados positivos.
- Deslocamentos transversais no sentido de baixo para cima são considerados positivos.
- Rotações no sentido anti-horário são consideradas positivas.

# Observação: os resultados axiais correspondem ao carregamento de referência.

# Dados dos nós
+----+-------+-------------+---------------+--------------+----+----+----+---------+
| ID |   X   | Glib. Axial | Glib. Transv. | Glib. Rotat. | KL | KT | KR | P axial |
+----+-------+-------------+---------------+--------------+----+----+----+---------+
| 1  | 0.000 | RESTRINGIDO |  RESTRINGIDO  | RESTRINGIDO  | -  | -  | -  |    -    |
| 2  | 0.050 |    LIVRE    |     LIVRE     |    LIVRE     | -  | -  | -  |    -    |
| 3  | 0.100 |    LIVRE    |     LIVRE     |    LIVRE     | -  | -  | -  |    -    |
| 4  | 0.150 |    LIVRE    |     LIVRE     |    LIVRE     | -  | -  | -  |    -    |
| 5  | 0.200 |    LIVRE    |     LIVRE     |    LIVRE     | -  | -  | -  |    -    |
| 6  | 0.250 |    LIVRE    |     LIVRE     |    LIVRE     | -  | -  | -  |    -    |
| 7  | 0.300 |    LIVRE    |     LIVRE     |    LIVRE     | -  | -  | -  |    -    |
| 8  | 0.350 |    LIVRE    |     LIVRE     |    LIVRE     | -  | -  | -  |    -    |
| 9  | 0.400 |    LIVRE    |     LIVRE     |    LIVRE     | -  | -  | -  |    -    |
| 10 | 0.450 |    LIVRE    |     LIVRE     |    LIVRE     | -  | -  | -  |    -    |
| 11 | 0.500 |    LIVRE    |     LIVRE     |    LIVRE     | -  | -  | -  |    -    |
| 12 | 0.550 |    LIVRE    |     LIVRE     |    LIVRE     | -  | -  | -  |    -    |
| 13 | 0.600 |    LIVRE    |     LIVRE     |    LIVRE     | -  | -  | -  |    -    |
| 14 | 0.650 |    LIVRE    |     LIVRE     |    LIVRE     | -  | -  | -  |    -    |
| 15 | 0.700 |    LIVRE    |     LIVRE     |    LIVRE     | -  | -  | -  |    -    |
| 16 | 0.750 |    LIVRE    |     LIVRE     |    LIVRE     | -  | -  | -  |    -    |
| 17 | 0.800 |    LIVRE    |     LIVRE     |    LIVRE     | -  | -  | -  |    -    |
| 18 | 0.850 |    LIVRE    |     LIVRE     |    LIVRE     | -  | -  | -  |    -    |
| 19 | 0.900 |    LIVRE    |     LIVRE     |    LIVRE     | -  | -  | -  |    -    |
| 20 | 0.950 |    LIVRE    |     LIVRE     |    LIVRE     | -  | -  | -  |    -    |
| 21 | 1.000 |    LIVRE    |     LIVRE     |    LIVRE     | -  | -  | -  |  -1.000 |
+----+-------+-------------+---------------+--------------+----+----+----+---------+

# Dados dos trechos
+----+-------+---------------+-------------+-------+-------+-------+-------+--------+
| ID |   L   | Num. Elements |      EA     |   EI  |   kl  |   kt  |   kr  |   p    |
+----+-------+---------------+-------------+-------+-------+-------+-------+--------+
| 1  | 1.000 |       20      | 1000000.000 | 1.000 | 0.000 | 0.000 | 0.000 | +0.000 |
+----+-------+---------------+-------------+-------+-------+-------+-------+--------+

# Trajetória fundamental axial de referência
+---------+-------+--------------------+-------------------------+
| Node ID |   X   | Axial Displacement | Residual/Reaction Force |
+---------+-------+--------------------+-------------------------+
|    1    | 0.000 |       +0.000       |          +1.000         |
|    2    | 0.050 |       -0.000       |            -            |
|    3    | 0.100 |       -0.000       |            -            |
|    4    | 0.150 |       -0.000       |            -            |
|    5    | 0.200 |       -0.000       |            -            |
|    6    | 0.250 |       -0.000       |            -            |
|    7    | 0.300 |       -0.000       |            -            |
|    8    | 0.350 |       -0.000       |            -            |
|    9    | 0.400 |       -0.000       |            -            |
|    10   | 0.450 |       -0.000       |            -            |
|    11   | 0.500 |       -0.000       |            -            |
|    12   | 0.550 |       -0.000       |            -            |
|    13   | 0.600 |       -0.000       |            -            |
|    14   | 0.650 |       -0.000       |            -            |
|    15   | 0.700 |       -0.000       |            -            |
|    16   | 0.750 |       -0.000       |            -            |
|    17   | 0.800 |       -0.000       |            -            |
|    18   | 0.850 |       -0.000       |            -            |
|    19   | 0.900 |       -0.000       |            -            |
|    20   | 0.950 |       -0.000       |            -            |
|    21   | 1.000 |       -0.000       |            -            |
+---------+-------+--------------------+-------------------------+

# Esforços normais de referência
+------------+------------+-----------+-----------+-------+-------------+
| Element ID | Segment ID | Node 1 ID | Node 2 ID | X_ref | Axial Force |
+------------+------------+-----------+-----------+-------+-------------+
|     1      |     1      |     1     |     2     | 0.000 |    -1.000   |
|     2      |     1      |     2     |     3     | 0.050 |    -1.000   |
|     3      |     1      |     3     |     4     | 0.100 |    -1.000   |
|     4      |     1      |     4     |     5     | 0.150 |    -1.000   |
|     5      |     1      |     5     |     6     | 0.200 |    -1.000   |
|     6      |     1      |     6     |     7     | 0.250 |    -1.000   |
|     7      |     1      |     7     |     8     | 0.300 |    -1.000   |
|     8      |     1      |     8     |     9     | 0.350 |    -1.000   |
|     9      |     1      |     9     |     10    | 0.400 |    -1.000   |
|     10     |     1      |     10    |     11    | 0.450 |    -1.000   |
|     11     |     1      |     11    |     12    | 0.500 |    -1.000   |
|     12     |     1      |     12    |     13    | 0.550 |    -1.000   |
|     13     |     1      |     13    |     14    | 0.600 |    -1.000   |
|     14     |     1      |     14    |     15    | 0.650 |    -1.000   |
|     15     |     1      |     15    |     16    | 0.700 |    -1.000   |
|     16     |     1      |     16    |     17    | 0.750 |    -1.000   |
|     17     |     1      |     17    |     18    | 0.800 |    -1.000   |
|     18     |     1      |     18    |     19    | 0.850 |    -1.000   |
|     19     |     1      |     19    |     20    | 0.900 |    -1.000   |
|     20     |     1      |     20    |     21    | 0.950 |    -1.000   |
+------------+------------+-----------+-----------+-------+-------------+