# Arquivo de entrada: ex02.ie

# Data de execução: 07/07/2026

# Convenção de sinais:
- Cargas axiais no sentido da esquerda pra direita são consideradas positivas.
- Esforços normais positivos representam tração.
- Deslocamentos axiais no sentido da esquerda para direita são considerados positivos.
- Deslocamentos transversais no sentido de baixo para cima são considerados positivos.
- Rotações no sentido anti-horário são consideradas positivas.

# Observação: os resultados axiais correspondem ao carregamento de referência.

# Dados dos nós
+----+--------------+-------------+---------------+--------------+--------------+----+----+---------------+
| ID |      X       | Glib. Axial | Glib. Transv. | Glib. Rotat. |      KL      | KT | KR |    P axial    |
+----+--------------+-------------+---------------+--------------+--------------+----+----+---------------+
| 1  | 0.000000E+00 | RESTRINGIDO |  RESTRINGIDO  | RESTRINGIDO  |      -       | -  | -  |       -       |
| 2  | 2.000000E-01 |    LIVRE    |     LIVRE     |    LIVRE     |      -       | -  | -  |       -       |
| 3  | 4.000000E-01 |    LIVRE    |     LIVRE     |    LIVRE     |      -       | -  | -  |       -       |
| 4  | 6.000000E-01 |    LIVRE    |     LIVRE     |    LIVRE     |      -       | -  | -  |       -       |
| 5  | 8.000000E-01 |    LIVRE    |     LIVRE     |    LIVRE     |      -       | -  | -  |       -       |
| 6  | 1.000000E+00 |    LIVRE    |  RESTRINGIDO  | RESTRINGIDO  | 1.000000E+05 | -  | -  |       -       |
| 7  | 1.200000E+00 |    LIVRE    |     LIVRE     |    LIVRE     |      -       | -  | -  |       -       |
| 8  | 1.400000E+00 |    LIVRE    |     LIVRE     |    LIVRE     |      -       | -  | -  |       -       |
| 9  | 1.600000E+00 |    LIVRE    |     LIVRE     |    LIVRE     |      -       | -  | -  |       -       |
| 10 | 1.800000E+00 |    LIVRE    |     LIVRE     |    LIVRE     |      -       | -  | -  |       -       |
| 11 | 2.000000E+00 |    LIVRE    |     LIVRE     |    LIVRE     |      -       | -  | -  | -1.000000E+00 |
+----+--------------+-------------+---------------+--------------+--------------+----+----+---------------+

# Dados dos trechos
+----+--------------+-------------------+--------------+--------------+--------------+--------------+--------------+---------------+
| ID |      L       | Num. de Elementos |      EA      |      EI      |      kl      |      kt      |      kr      |       p       |
+----+--------------+-------------------+--------------+--------------+--------------+--------------+--------------+---------------+
| 1  | 1.000000E+00 |         5         | 1.000000E+06 | 1.000000E+00 | 0.000000E+00 | 0.000000E+00 | 0.000000E+00 | +0.000000E+00 |
| 2  | 1.000000E+00 |         5         | 1.000000E+06 | 1.000000E+00 | 0.000000E+00 | 0.000000E+00 | 0.000000E+00 | +0.000000E+00 |
+----+--------------+-------------------+--------------+--------------+--------------+--------------+--------------+---------------+

# Trajetória fundamental axial de referência
+-------+--------------+--------------------+-----------------------+
| Nó ID |      X       | Deslocamento Axial | Força Residual/Reação |
+-------+--------------+--------------------+-----------------------+
|   1   | 0.000000E+00 |   +0.000000E+00    |     +9.090909E-01     |
|   2   | 2.000000E-01 |   -1.818182E-07    |           -           |
|   3   | 4.000000E-01 |   -3.636364E-07    |           -           |
|   4   | 6.000000E-01 |   -5.454545E-07    |           -           |
|   5   | 8.000000E-01 |   -7.272727E-07    |           -           |
|   6   | 1.000000E+00 |   -9.090909E-07    |           -           |
|   7   | 1.200000E+00 |   -1.109091E-06    |           -           |
|   8   | 1.400000E+00 |   -1.309091E-06    |           -           |
|   9   | 1.600000E+00 |   -1.509091E-06    |           -           |
|   10  | 1.800000E+00 |   -1.709091E-06    |           -           |
|   11  | 2.000000E+00 |   -1.909091E-06    |           -           |
+-------+--------------+--------------------+-----------------------+

# Esforços normais de referência
+-------------+-----------+---------+---------+--------------+---------------+
| Elemento ID | Trecho ID | Nó 1 ID | Nó 2 ID |    X_ref     |  Força Axial  |
+-------------+-----------+---------+---------+--------------+---------------+
|      1      |     1     |    1    |    2    | 0.000000E+00 | -9.090909E-01 |
|      2      |     1     |    2    |    3    | 2.000000E-01 | -9.090909E-01 |
|      3      |     1     |    3    |    4    | 4.000000E-01 | -9.090909E-01 |
|      4      |     1     |    4    |    5    | 6.000000E-01 | -9.090909E-01 |
|      5      |     1     |    5    |    6    | 8.000000E-01 | -9.090909E-01 |
|      6      |     2     |    6    |    7    | 1.000000E+00 | -1.000000E+00 |
|      7      |     2     |    7    |    8    | 1.200000E+00 | -1.000000E+00 |
|      8      |     2     |    8    |    9    | 1.400000E+00 | -1.000000E+00 |
|      9      |     2     |    9    |    10   | 1.600000E+00 | -1.000000E+00 |
|      10     |     2     |    10   |    11   | 1.800000E+00 | -1.000000E+00 |
+-------------+-----------+---------+---------+--------------+---------------+

# Modos de flambagem

## Modo 1
lambda_cr = 2.467434E+00
+-------+--------------+---------------+---------------+
| Nó ID |      X       |       v       |     theta     |
+-------+--------------+---------------+---------------+
|   1   | 0.000000E+00 | +0.000000E+00 | +0.000000E+00 |
|   2   | 2.000000E-01 | +0.000000E+00 | +0.000000E+00 |
|   3   | 4.000000E-01 | +0.000000E+00 | +0.000000E+00 |
|   4   | 6.000000E-01 | +0.000000E+00 | +0.000000E+00 |
|   5   | 8.000000E-01 | +0.000000E+00 | +0.000000E+00 |
|   6   | 1.000000E+00 | +0.000000E+00 | +0.000000E+00 |
|   7   | 1.200000E+00 | -3.115839E-02 | -3.090170E-01 |
|   8   | 1.400000E+00 | -1.215836E-01 | -5.877853E-01 |
|   9   | 1.600000E+00 | -2.624241E-01 | -8.090170E-01 |
|   10  | 1.800000E+00 | -4.398935E-01 | -9.510565E-01 |
|   11  | 2.000000E+00 | -6.366198E-01 | -1.000000E+00 |
+-------+--------------+---------------+---------------+

## Modo 2
lambda_cr = 2.222988E+01
+-------+--------------+---------------+---------------+
| Nó ID |      X       |       v       |     theta     |
+-------+--------------+---------------+---------------+
|   1   | 0.000000E+00 | +0.000000E+00 | +0.000000E+00 |
|   2   | 2.000000E-01 | +0.000000E+00 | +0.000000E+00 |
|   3   | 4.000000E-01 | +0.000000E+00 | +0.000000E+00 |
|   4   | 6.000000E-01 | +0.000000E+00 | +0.000000E+00 |
|   5   | 8.000000E-01 | +0.000000E+00 | +0.000000E+00 |
|   6   | 1.000000E+00 | +0.000000E+00 | +0.000000E+00 |
|   7   | 1.200000E+00 | +8.748156E-02 | +8.090170E-01 |
|   8   | 1.400000E+00 | +2.778039E-01 | +9.510565E-01 |
|   9   | 1.600000E+00 | +4.140596E-01 | +3.090170E-01 |
|   10  | 1.800000E+00 | +3.839155E-01 | -5.877853E-01 |
|   11  | 2.000000E+00 | +2.122233E-01 | -1.000000E+00 |
+-------+--------------+---------------+---------------+

## Modo 3
lambda_cr = 4.356548E+01
+-------+--------------+---------------+---------------+
| Nó ID |      X       |       v       |     theta     |
+-------+--------------+---------------+---------------+
|   1   | 0.000000E+00 | +0.000000E+00 | +0.000000E+00 |
|   2   | 2.000000E-01 | -1.156868E-01 | -1.000000E+00 |
|   3   | 4.000000E-01 | -3.028719E-01 | -6.180340E-01 |
|   4   | 6.000000E-01 | -3.028719E-01 | +6.180340E-01 |
|   5   | 8.000000E-01 | -1.156868E-01 | +1.000000E+00 |
|   6   | 1.000000E+00 | +0.000000E+00 | +0.000000E+00 |
|   7   | 1.200000E+00 | +0.000000E+00 | +0.000000E+00 |
|   8   | 1.400000E+00 | +0.000000E+00 | +0.000000E+00 |
|   9   | 1.600000E+00 | +0.000000E+00 | +0.000000E+00 |
|   10  | 1.800000E+00 | +0.000000E+00 | +0.000000E+00 |
|   11  | 2.000000E+00 | +0.000000E+00 | +0.000000E+00 |
+-------+--------------+---------------+---------------+
