# Arquivo de entrada: ex02.ie

# Data de execução: 08/07/2026

# Convenção de sinais:
- Cargas axiais no sentido da esquerda pra direita são consideradas positivas.
- Esforços normais positivos representam tração.
- Deslocamentos axiais no sentido da esquerda para direita são considerados positivos.
- Deslocamentos transversais no sentido de baixo para cima são considerados positivos.
- Rotações no sentido anti-horário são consideradas positivas.

# Observação: os resultados axiais correspondem ao carregamento de referência.

# Dados dos nós
+----+--------------+-------------+---------------+--------------+--------------+--------------+--------------+---------------+
| ID |      X       | Glib. Axial | Glib. Transv. | Glib. Rotat. |      KL      |      KT      |      KR      |    P axial    |
+----+--------------+-------------+---------------+--------------+--------------+--------------+--------------+---------------+
| 1  | 0.000000E+00 | RESTRINGIDO |  RESTRINGIDO  | RESTRINGIDO  |      -       |      -       |      -       |       -       |
| 2  | 5.000000E-02 |    LIVRE    |     LIVRE     |    LIVRE     |      -       |      -       |      -       |       -       |
| 3  | 1.000000E-01 |    LIVRE    |     LIVRE     |    LIVRE     |      -       |      -       |      -       |       -       |
| 4  | 1.500000E-01 |    LIVRE    |     LIVRE     |    LIVRE     |      -       |      -       |      -       |       -       |
| 5  | 2.000000E-01 |    LIVRE    |     LIVRE     |    LIVRE     |      -       |      -       |      -       |       -       |
| 6  | 2.500000E-01 |    LIVRE    |     LIVRE     |    LIVRE     |      -       |      -       |      -       |       -       |
| 7  | 3.000000E-01 |    LIVRE    |     LIVRE     |    LIVRE     |      -       |      -       |      -       |       -       |
| 8  | 3.500000E-01 |    LIVRE    |     LIVRE     |    LIVRE     |      -       |      -       |      -       |       -       |
| 9  | 4.000000E-01 |    LIVRE    |     LIVRE     |    LIVRE     |      -       |      -       |      -       |       -       |
| 10 | 4.500000E-01 |    LIVRE    |     LIVRE     |    LIVRE     |      -       |      -       |      -       |       -       |
| 11 | 5.000000E-01 |    LIVRE    |     LIVRE     |    LIVRE     |      -       |      -       |      -       |       -       |
| 12 | 5.500000E-01 |    LIVRE    |     LIVRE     |    LIVRE     |      -       |      -       |      -       |       -       |
| 13 | 6.000000E-01 |    LIVRE    |     LIVRE     |    LIVRE     |      -       |      -       |      -       |       -       |
| 14 | 6.500000E-01 |    LIVRE    |     LIVRE     |    LIVRE     |      -       |      -       |      -       |       -       |
| 15 | 7.000000E-01 |    LIVRE    |     LIVRE     |    LIVRE     |      -       |      -       |      -       |       -       |
| 16 | 7.500000E-01 |    LIVRE    |     LIVRE     |    LIVRE     |      -       |      -       |      -       |       -       |
| 17 | 8.000000E-01 |    LIVRE    |     LIVRE     |    LIVRE     |      -       |      -       |      -       |       -       |
| 18 | 8.500000E-01 |    LIVRE    |     LIVRE     |    LIVRE     |      -       |      -       |      -       |       -       |
| 19 | 9.000000E-01 |    LIVRE    |     LIVRE     |    LIVRE     |      -       |      -       |      -       |       -       |
| 20 | 9.500000E-01 |    LIVRE    |     LIVRE     |    LIVRE     |      -       |      -       |      -       |       -       |
| 21 | 1.000000E+00 |    LIVRE    |     LIVRE     |    LIVRE     | 1.000000E+03 | 2.000000E+03 | 3.000000E+03 | -1.000000E+00 |
+----+--------------+-------------+---------------+--------------+--------------+--------------+--------------+---------------+

# Dados dos trechos
+----+--------------+-------------------+--------------+--------------+--------------+--------------+--------------+---------------+
| ID |      L       | Num. de Elementos |      EA      |      EI      |      kl      |      kt      |      kr      |       p       |
+----+--------------+-------------------+--------------+--------------+--------------+--------------+--------------+---------------+
| 1  | 1.000000E+00 |         20        | 6.000000E+04 | 4.500000E+02 | 0.000000E+00 | 0.000000E+00 | 0.000000E+00 | +0.000000E+00 |
+----+--------------+-------------------+--------------+--------------+--------------+--------------+--------------+---------------+

# Trajetória fundamental axial de referência
+-------+--------------+--------------------+-----------------------+
| Nó ID |      X       | Deslocamento Axial | Força Residual/Reação |
+-------+--------------+--------------------+-----------------------+
|   1   | 0.000000E+00 |   +0.000000E+00    |     +9.836066E-01     |
|   2   | 5.000000E-02 |   -8.196721E-07    |           -           |
|   3   | 1.000000E-01 |   -1.639344E-06    |           -           |
|   4   | 1.500000E-01 |   -2.459016E-06    |           -           |
|   5   | 2.000000E-01 |   -3.278689E-06    |           -           |
|   6   | 2.500000E-01 |   -4.098361E-06    |           -           |
|   7   | 3.000000E-01 |   -4.918033E-06    |           -           |
|   8   | 3.500000E-01 |   -5.737705E-06    |           -           |
|   9   | 4.000000E-01 |   -6.557377E-06    |           -           |
|   10  | 4.500000E-01 |   -7.377049E-06    |           -           |
|   11  | 5.000000E-01 |   -8.196721E-06    |           -           |
|   12  | 5.500000E-01 |   -9.016393E-06    |           -           |
|   13  | 6.000000E-01 |   -9.836066E-06    |           -           |
|   14  | 6.500000E-01 |   -1.065574E-05    |           -           |
|   15  | 7.000000E-01 |   -1.147541E-05    |           -           |
|   16  | 7.500000E-01 |   -1.229508E-05    |           -           |
|   17  | 8.000000E-01 |   -1.311475E-05    |           -           |
|   18  | 8.500000E-01 |   -1.393443E-05    |           -           |
|   19  | 9.000000E-01 |   -1.475410E-05    |           -           |
|   20  | 9.500000E-01 |   -1.557377E-05    |           -           |
|   21  | 1.000000E+00 |   -1.639344E-05    |           -           |
+-------+--------------+--------------------+-----------------------+

# Esforços normais de referência
+-------------+-----------+---------+---------+--------------+---------------+
| Elemento ID | Trecho ID | Nó 1 ID | Nó 2 ID |    X_ref     |  Força Axial  |
+-------------+-----------+---------+---------+--------------+---------------+
|      1      |     1     |    1    |    2    | 0.000000E+00 | -9.836066E-01 |
|      2      |     1     |    2    |    3    | 5.000000E-02 | -9.836066E-01 |
|      3      |     1     |    3    |    4    | 1.000000E-01 | -9.836066E-01 |
|      4      |     1     |    4    |    5    | 1.500000E-01 | -9.836066E-01 |
|      5      |     1     |    5    |    6    | 2.000000E-01 | -9.836066E-01 |
|      6      |     1     |    6    |    7    | 2.500000E-01 | -9.836066E-01 |
|      7      |     1     |    7    |    8    | 3.000000E-01 | -9.836066E-01 |
|      8      |     1     |    8    |    9    | 3.500000E-01 | -9.836066E-01 |
|      9      |     1     |    9    |    10   | 4.000000E-01 | -9.836066E-01 |
|      10     |     1     |    10   |    11   | 4.500000E-01 | -9.836066E-01 |
|      11     |     1     |    11   |    12   | 5.000000E-01 | -9.836066E-01 |
|      12     |     1     |    12   |    13   | 5.500000E-01 | -9.836066E-01 |
|      13     |     1     |    13   |    14   | 6.000000E-01 | -9.836066E-01 |
|      14     |     1     |    14   |    15   | 6.500000E-01 | -9.836066E-01 |
|      15     |     1     |    15   |    16   | 7.000000E-01 | -9.836066E-01 |
|      16     |     1     |    16   |    17   | 7.500000E-01 | -9.836066E-01 |
|      17     |     1     |    17   |    18   | 8.000000E-01 | -9.836066E-01 |
|      18     |     1     |    18   |    19   | 8.500000E-01 | -9.836066E-01 |
|      19     |     1     |    19   |    20   | 9.000000E-01 | -9.836066E-01 |
|      20     |     1     |    20   |    21   | 9.500000E-01 | -9.836066E-01 |
+-------------+-----------+---------+---------+--------------+---------------+

# Modos de flambagem

## Modo 1
lambda_cr = 5.214191E+03
+-------+--------------+---------------+---------------+
| Nó ID |      X       |       v       |     theta     |
+-------+--------------+---------------+---------------+
|   1   | 0.000000E+00 | +0.000000E+00 | +0.000000E+00 |
|   2   | 5.000000E-02 | +4.294393E-03 | +1.732204E-01 |
|   3   | 1.000000E-01 | +1.742482E-02 | +3.526017E-01 |
|   4   | 1.500000E-01 | +3.957227E-02 | +5.330449E-01 |
|   5   | 2.000000E-01 | +7.066146E-02 | +7.094210E-01 |
|   6   | 2.500000E-01 | +1.103629E-01 | +8.767163E-01 |
|   7   | 3.000000E-01 | +1.581023E-01 | +1.030176E+00 |
|   8   | 3.500000E-01 | +2.130768E-01 | +1.165437E+00 |
|   9   | 4.000000E-01 | +2.742782E-01 | +1.278655E+00 |
|   10  | 4.500000E-01 | +3.405209E-01 | +1.366611E+00 |
|   11  | 5.000000E-01 | +4.104762E-01 | +1.426806E+00 |
|   12  | 5.500000E-01 | +4.827098E-01 | +1.457529E+00 |
|   13  | 6.000000E-01 | +5.557228E-01 | +1.457906E+00 |
|   14  | 6.500000E-01 | +6.279940E-01 | +1.427926E+00 |
|   15  | 7.000000E-01 | +6.980232E-01 | +1.368442E+00 |
|   16  | 7.500000E-01 | +7.643741E-01 | +1.281144E+00 |
|   17  | 8.000000E-01 | +8.257150E-01 | +1.168514E+00 |
|   18  | 8.500000E-01 | +8.808564E-01 | +1.033754E+00 |
|   19  | 9.000000E-01 | +9.287851E-01 | +8.806936E-01 |
|   20  | 9.500000E-01 | +9.686930E-01 | +7.136842E-01 |
|   21  | 1.000000E+00 | +1.000000E+00 | +5.374729E-01 |
+-------+--------------+---------------+---------------+

## Modo 2
lambda_cr = 1.428225E+04
+-------+--------------+---------------+---------------+
| Nó ID |      X       |       v       |     theta     |
+-------+--------------+---------------+---------------+
|   1   | 0.000000E+00 | +0.000000E+00 | +0.000000E+00 |
|   2   | 5.000000E-02 | -1.921657E-02 | -7.639109E-01 |
|   3   | 1.000000E-01 | -7.542657E-02 | -1.470101E+00 |
|   4   | 1.500000E-01 | -1.643471E-01 | -2.063813E+00 |
|   5   | 2.000000E-01 | -2.791591E-01 | -2.499013E+00 |
|   6   | 2.500000E-01 | -4.110358E-01 | -2.741955E+00 |
|   7   | 3.000000E-01 | -5.498272E-01 | -2.773802E+00 |
|   8   | 3.500000E-01 | -6.848473E-01 | -2.592085E+00 |
|   9   | 4.000000E-01 | -8.057024E-01 | -2.210894E+00 |
|   10  | 4.500000E-01 | -9.030973E-01 | -1.659785E+00 |
|   11  | 5.000000E-01 | -9.695556E-01 | -9.814915E-01 |
|   12  | 5.500000E-01 | -1.000000E+00 | -2.286060E-01 |
|   13  | 6.000000E-01 | -9.921453E-01 | +5.404939E-01 |
|   14  | 6.500000E-01 | -9.466762E-01 | +1.266174E+00 |
|   15  | 7.000000E-01 | -8.671937E-01 | +1.892165E+00 |
|   16  | 7.500000E-01 | -7.599365E-01 | +2.369931E+00 |
|   17  | 8.000000E-01 | -6.332966E-01 | +2.662425E+00 |
|   18  | 8.500000E-01 | -4.971689E-01 | +2.746968E+00 |
|   19  | 9.000000E-01 | -3.621842E-01 | +2.617005E+00 |
|   20  | 9.500000E-01 | -2.388844E-01 | +2.282614E+00 |
|   21  | 1.000000E+00 | -1.369056E-01 | +1.769721E+00 |
+-------+--------------+---------------+---------------+

## Modo 3
lambda_cr = 3.334340E+04
+-------+--------------+---------------+---------------+
| Nó ID |      X       |       v       |     theta     |
+-------+--------------+---------------+---------------+
|   1   | 0.000000E+00 | +0.000000E+00 | +0.000000E+00 |
|   2   | 5.000000E-02 | +4.442591E-02 | +1.751558E+00 |
|   3   | 1.000000E-01 | +1.700419E-01 | +3.198144E+00 |
|   4   | 1.500000E-01 | +3.547737E-01 | +4.080175E+00 |
|   5   | 2.000000E-01 | +5.659388E-01 | +4.239372E+00 |
|   6   | 2.500000E-01 | +7.661113E-01 | +3.647168E+00 |
|   7   | 3.000000E-01 | +9.198379E-01 | +2.409833E+00 |
|   8   | 3.500000E-01 | +1.000000E+00 | +7.494011E-01 |
|   9   | 4.000000E-01 | +9.926797E-01 | -1.036168E+00 |
|   10  | 4.500000E-01 | +8.996576E-01 | -2.626461E+00 |
|   11  | 5.000000E-01 | +7.380932E-01 | -3.736105E+00 |
|   12  | 5.500000E-01 | +5.374457E-01 | -4.165978E+00 |
|   13  | 6.000000E-01 | +3.341875E-01 | -3.838941E+00 |
|   14  | 6.500000E-01 | +1.652595E-01 | -2.813680E+00 |
|   15  | 7.000000E-01 | +6.144244E-02 | -1.274174E+00 |
|   16  | 7.500000E-01 | +4.183277E-02 | +5.033182E-01 |
|   17  | 8.000000E-01 | +1.104164E-01 | +2.199831E+00 |
|   18  | 8.500000E-01 | +2.553532E-01 | +3.510932E+00 |
|   19  | 9.000000E-01 | +4.511018E-01 | +4.201348E+00 |
|   20  | 9.500000E-01 | +6.630028E-01 | +4.147186E+00 |
|   21  | 1.000000E+00 | +8.534982E-01 | +3.358167E+00 |
+-------+--------------+---------------+---------------+
