# Arquivo de entrada: ex01.ie

# Data de execução: 07/07/2026

# Convenção de sinais:
- Cargas axiais no sentido da esquerda pra direita são consideradas positivas.
- Esforços normais positivos representam tração.
- Deslocamentos axiais no sentido da esquerda para direita são considerados positivos.
- Deslocamentos transversais no sentido de baixo para cima são considerados positivos.
- Rotações no sentido anti-horário são consideradas positivas.

# Observação: os resultados axiais correspondem ao carregamento de referência.

# Dados dos nós
+----+--------------+-------------+---------------+--------------+----+----+----+---------------+
| ID |      X       | Glib. Axial | Glib. Transv. | Glib. Rotat. | KL | KT | KR |    P axial    |
+----+--------------+-------------+---------------+--------------+----+----+----+---------------+
| 1  | 0.000000E+00 | RESTRINGIDO |  RESTRINGIDO  | RESTRINGIDO  | -  | -  | -  |       -       |
| 2  | 5.000000E-02 |    LIVRE    |     LIVRE     |    LIVRE     | -  | -  | -  |       -       |
| 3  | 1.000000E-01 |    LIVRE    |     LIVRE     |    LIVRE     | -  | -  | -  |       -       |
| 4  | 1.500000E-01 |    LIVRE    |     LIVRE     |    LIVRE     | -  | -  | -  |       -       |
| 5  | 2.000000E-01 |    LIVRE    |     LIVRE     |    LIVRE     | -  | -  | -  |       -       |
| 6  | 2.500000E-01 |    LIVRE    |     LIVRE     |    LIVRE     | -  | -  | -  |       -       |
| 7  | 3.000000E-01 |    LIVRE    |     LIVRE     |    LIVRE     | -  | -  | -  |       -       |
| 8  | 3.500000E-01 |    LIVRE    |     LIVRE     |    LIVRE     | -  | -  | -  |       -       |
| 9  | 4.000000E-01 |    LIVRE    |     LIVRE     |    LIVRE     | -  | -  | -  |       -       |
| 10 | 4.500000E-01 |    LIVRE    |     LIVRE     |    LIVRE     | -  | -  | -  |       -       |
| 11 | 5.000000E-01 |    LIVRE    |     LIVRE     |    LIVRE     | -  | -  | -  |       -       |
| 12 | 5.500000E-01 |    LIVRE    |     LIVRE     |    LIVRE     | -  | -  | -  |       -       |
| 13 | 6.000000E-01 |    LIVRE    |     LIVRE     |    LIVRE     | -  | -  | -  |       -       |
| 14 | 6.500000E-01 |    LIVRE    |     LIVRE     |    LIVRE     | -  | -  | -  |       -       |
| 15 | 7.000000E-01 |    LIVRE    |     LIVRE     |    LIVRE     | -  | -  | -  |       -       |
| 16 | 7.500000E-01 |    LIVRE    |     LIVRE     |    LIVRE     | -  | -  | -  |       -       |
| 17 | 8.000000E-01 |    LIVRE    |     LIVRE     |    LIVRE     | -  | -  | -  |       -       |
| 18 | 8.500000E-01 |    LIVRE    |     LIVRE     |    LIVRE     | -  | -  | -  |       -       |
| 19 | 9.000000E-01 |    LIVRE    |     LIVRE     |    LIVRE     | -  | -  | -  |       -       |
| 20 | 9.500000E-01 |    LIVRE    |     LIVRE     |    LIVRE     | -  | -  | -  |       -       |
| 21 | 1.000000E+00 |    LIVRE    |     LIVRE     |    LIVRE     | -  | -  | -  | -1.000000E+00 |
+----+--------------+-------------+---------------+--------------+----+----+----+---------------+

# Dados dos trechos
+----+--------------+-------------------+--------------+--------------+--------------+--------------+--------------+---------------+
| ID |      L       | Num. de Elementos |      EA      |      EI      |      kl      |      kt      |      kr      |       p       |
+----+--------------+-------------------+--------------+--------------+--------------+--------------+--------------+---------------+
| 1  | 1.000000E+00 |         20        | 1.000000E+06 | 1.000000E+00 | 0.000000E+00 | 0.000000E+00 | 0.000000E+00 | +0.000000E+00 |
+----+--------------+-------------------+--------------+--------------+--------------+--------------+--------------+---------------+

# Trajetória fundamental axial de referência
+-------+--------------+--------------------+-----------------------+
| Nó ID |      X       | Deslocamento Axial | Força Residual/Reação |
+-------+--------------+--------------------+-----------------------+
|   1   | 0.000000E+00 |   +0.000000E+00    |     +1.000000E+00     |
|   2   | 5.000000E-02 |   -5.000000E-08    |           -           |
|   3   | 1.000000E-01 |   -1.000000E-07    |           -           |
|   4   | 1.500000E-01 |   -1.500000E-07    |           -           |
|   5   | 2.000000E-01 |   -2.000000E-07    |           -           |
|   6   | 2.500000E-01 |   -2.500000E-07    |           -           |
|   7   | 3.000000E-01 |   -3.000000E-07    |           -           |
|   8   | 3.500000E-01 |   -3.500000E-07    |           -           |
|   9   | 4.000000E-01 |   -4.000000E-07    |           -           |
|   10  | 4.500000E-01 |   -4.500000E-07    |           -           |
|   11  | 5.000000E-01 |   -5.000000E-07    |           -           |
|   12  | 5.500000E-01 |   -5.500000E-07    |           -           |
|   13  | 6.000000E-01 |   -6.000000E-07    |           -           |
|   14  | 6.500000E-01 |   -6.500000E-07    |           -           |
|   15  | 7.000000E-01 |   -7.000000E-07    |           -           |
|   16  | 7.500000E-01 |   -7.500000E-07    |           -           |
|   17  | 8.000000E-01 |   -8.000000E-07    |           -           |
|   18  | 8.500000E-01 |   -8.500000E-07    |           -           |
|   19  | 9.000000E-01 |   -9.000000E-07    |           -           |
|   20  | 9.500000E-01 |   -9.500000E-07    |           -           |
|   21  | 1.000000E+00 |   -1.000000E-06    |           -           |
+-------+--------------+--------------------+-----------------------+

# Esforços normais de referência
+-------------+-----------+---------+---------+--------------+---------------+
| Elemento ID | Trecho ID | Nó 1 ID | Nó 2 ID |    X_ref     |  Força Axial  |
+-------------+-----------+---------+---------+--------------+---------------+
|      1      |     1     |    1    |    2    | 0.000000E+00 | -1.000000E+00 |
|      2      |     1     |    2    |    3    | 5.000000E-02 | -1.000000E+00 |
|      3      |     1     |    3    |    4    | 1.000000E-01 | -1.000000E+00 |
|      4      |     1     |    4    |    5    | 1.500000E-01 | -1.000000E+00 |
|      5      |     1     |    5    |    6    | 2.000000E-01 | -1.000000E+00 |
|      6      |     1     |    6    |    7    | 2.500000E-01 | -1.000000E+00 |
|      7      |     1     |    7    |    8    | 3.000000E-01 | -1.000000E+00 |
|      8      |     1     |    8    |    9    | 3.500000E-01 | -1.000000E+00 |
|      9      |     1     |    9    |    10   | 4.000000E-01 | -1.000000E+00 |
|      10     |     1     |    10   |    11   | 4.500000E-01 | -1.000000E+00 |
|      11     |     1     |    11   |    12   | 5.000000E-01 | -1.000000E+00 |
|      12     |     1     |    12   |    13   | 5.500000E-01 | -1.000000E+00 |
|      13     |     1     |    13   |    14   | 6.000000E-01 | -1.000000E+00 |
|      14     |     1     |    14   |    15   | 6.500000E-01 | -1.000000E+00 |
|      15     |     1     |    15   |    16   | 7.000000E-01 | -1.000000E+00 |
|      16     |     1     |    16   |    17   | 7.500000E-01 | -1.000000E+00 |
|      17     |     1     |    17   |    18   | 8.000000E-01 | -1.000000E+00 |
|      18     |     1     |    18   |    19   | 8.500000E-01 | -1.000000E+00 |
|      19     |     1     |    19   |    20   | 9.000000E-01 | -1.000000E+00 |
|      20     |     1     |    20   |    21   | 9.500000E-01 | -1.000000E+00 |
+-------------+-----------+---------+---------+--------------+---------------+

# Modos de flambagem

## Modo 1
lambda_cr = 2.467401E+00
+-------+--------------+---------------+---------------+
| Nó ID |      X       |       v       |     theta     |
+-------+--------------+---------------+---------------+
|   1   | 0.000000E+00 | +0.000000E+00 | +0.000000E+00 |
|   2   | 5.000000E-02 | +1.962486E-03 | +7.845910E-02 |
|   3   | 1.000000E-01 | +7.837846E-03 | +1.564345E-01 |
|   4   | 1.500000E-01 | +1.758985E-02 | +2.334454E-01 |
|   5   | 2.000000E-01 | +3.115839E-02 | +3.090170E-01 |
|   6   | 2.500000E-01 | +4.845979E-02 | +3.826834E-01 |
|   7   | 3.000000E-01 | +6.938740E-02 | +4.539905E-01 |
|   8   | 3.500000E-01 | +9.381219E-02 | +5.224986E-01 |
|   9   | 4.000000E-01 | +1.215836E-01 | +5.877853E-01 |
|   10  | 4.500000E-01 | +1.525303E-01 | +6.494480E-01 |
|   11  | 5.000000E-01 | +1.864616E-01 | +7.071068E-01 |
|   12  | 5.500000E-01 | +2.231683E-01 | +7.604060E-01 |
|   13  | 6.000000E-01 | +2.624241E-01 | +8.090170E-01 |
|   14  | 6.500000E-01 | +3.039869E-01 | +8.526402E-01 |
|   15  | 7.000000E-01 | +3.476004E-01 | +8.910065E-01 |
|   16  | 7.500000E-01 | +3.929959E-01 | +9.238795E-01 |
|   17  | 8.000000E-01 | +4.398934E-01 | +9.510565E-01 |
|   18  | 8.500000E-01 | +4.880038E-01 | +9.723699E-01 |
|   19  | 9.000000E-01 | +5.370305E-01 | +9.876883E-01 |
|   20  | 9.500000E-01 | +5.866712E-01 | +9.969173E-01 |
|   21  | 1.000000E+00 | +6.366198E-01 | +1.000000E+00 |
+-------+--------------+---------------+---------------+

## Modo 2
lambda_cr = 2.220670E+01
+-------+--------------+---------------+---------------+
| Nó ID |      X       |       v       |     theta     |
+-------+--------------+---------------+---------------+
|   1   | 0.000000E+00 | +0.000000E+00 | +0.000000E+00 |
|   2   | 5.000000E-02 | -5.863285E-03 | -2.334454E-01 |
|   3   | 1.000000E-01 | -2.312913E-02 | -4.539905E-01 |
|   4   | 1.500000E-01 | -5.084343E-02 | -6.494480E-01 |
|   5   | 2.000000E-01 | -8.747469E-02 | -8.090170E-01 |
|   6   | 2.500000E-01 | -1.309986E-01 | -9.238795E-01 |
|   7   | 3.000000E-01 | -1.790102E-01 | -9.876883E-01 |
|   8   | 3.500000E-01 | -2.288561E-01 | -9.969173E-01 |
|   9   | 4.000000E-01 | -2.777820E-01 | -9.510565E-01 |
|   10  | 4.500000E-01 | -3.230842E-01 | -8.526402E-01 |
|   11  | 5.000000E-01 | -3.622593E-01 | -7.071068E-01 |
|   12  | 5.500000E-01 | -3.931425E-01 | -5.224986E-01 |
|   13  | 6.000000E-01 | -4.140271E-01 | -3.090170E-01 |
|   14  | 6.500000E-01 | -4.237590E-01 | -7.845910E-02 |
|   15  | 7.000000E-01 | -4.218006E-01 | +1.564345E-01 |
|   16  | 7.500000E-01 | -4.082599E-01 | +3.826834E-01 |
|   17  | 8.000000E-01 | -3.838853E-01 | +5.877853E-01 |
|   18  | 8.500000E-01 | -3.500238E-01 | +7.604060E-01 |
|   19  | 9.000000E-01 | -3.085464E-01 | +8.910065E-01 |
|   20  | 9.500000E-01 | -2.617452E-01 | +9.723699E-01 |
|   21  | 1.000000E+00 | -2.122066E-01 | +1.000000E+00 |
+-------+--------------+---------------+---------------+

## Modo 3
lambda_cr = 6.168705E+01
+-------+--------------+---------------+---------------+
| Nó ID |      X       |       v       |     theta     |
+-------+--------------+---------------+---------------+
|   1   | 0.000000E+00 | +0.000000E+00 | +0.000000E+00 |
|   2   | 5.000000E-02 | +9.691963E-03 | +3.826834E-01 |
|   3   | 1.000000E-01 | +3.729234E-02 | +7.071068E-01 |
|   4   | 1.500000E-01 | +7.859922E-02 | +9.238795E-01 |
|   5   | 2.000000E-01 | +1.273240E-01 | +1.000000E+00 |
|   6   | 2.500000E-01 | +1.760488E-01 | +9.238795E-01 |
|   7   | 3.000000E-01 | +2.173557E-01 | +7.071068E-01 |
|   8   | 3.500000E-01 | +2.449560E-01 | +3.826834E-01 |
|   9   | 4.000000E-01 | +2.546480E-01 | +1.169528E-13 |
|   10  | 4.500000E-01 | +2.449560E-01 | -3.826834E-01 |
|   11  | 5.000000E-01 | +2.173557E-01 | -7.071068E-01 |
|   12  | 5.500000E-01 | +1.760488E-01 | -9.238795E-01 |
|   13  | 6.000000E-01 | +1.273240E-01 | -1.000000E+00 |
|   14  | 6.500000E-01 | +7.859922E-02 | -9.238795E-01 |
|   15  | 7.000000E-01 | +3.729234E-02 | -7.071068E-01 |
|   16  | 7.500000E-01 | +9.691963E-03 | -3.826834E-01 |
|   17  | 8.000000E-01 | +2.073251E-14 | -8.619215E-14 |
|   18  | 8.500000E-01 | +9.691963E-03 | +3.826834E-01 |
|   19  | 9.000000E-01 | +3.729234E-02 | +7.071068E-01 |
|   20  | 9.500000E-01 | +7.859922E-02 | +9.238795E-01 |
|   21  | 1.000000E+00 | +1.273240E-01 | +1.000000E+00 |
+-------+--------------+---------------+---------------+
